#
# There is insufficient memory for the Java Runtime Environment to continue.
# Native memory allocation (mmap) failed to map 49283072 bytes for Failed to commit area from 0x000000008ea00000 to 0x0000000091900000 of length 49283072.
# Possible reasons:
#   The system is out of physical RAM or swap space
#   The process is running with CompressedOops enabled, and the Java Heap may be blocking the growth of the native heap
# Possible solutions:
#   Reduce memory load on the system
#   Increase physical memory or swap space
#   Check if swap backing store is full
#   Decrease Java heap size (-Xmx/-Xms)
#   Decrease number of Java threads
#   Decrease Java thread stack sizes (-Xss)
#   Set larger code cache with -XX:ReservedCodeCacheSize=
#   JVM is running with Unscaled Compressed Oops mode in which the Java heap is
#     placed in the first 4GB address space. The Java Heap base address is the
#     maximum limit for the native heap growth. Please use -XX:HeapBaseMinAddress
#     to set the Java Heap base and to place the Java Heap above 4GB virtual address.
# This output file may be truncated or incomplete.
#
#  Out of Memory Error (./src/hotspot/os/windows/os_windows.cpp:3619), pid=19756, tid=6912
#
# JRE version: OpenJDK Runtime Environment (11.0.13) (build 11.0.13+0-b1751.21-8125866)
# Java VM: OpenJDK 64-Bit Server VM (11.0.13+0-b1751.21-8125866, mixed mode, tiered, compressed oops, g1 gc, windows-amd64)
# Core dump will be written. Default location: C:\Users\milkp_11844182809043\AndroidStudioProjects\StudentSpace\hs_err_pid19756.mdmp
#

---------------  S U M M A R Y ------------

Command Line: --add-opens=java.base/java.util=ALL-UNNAMED --add-opens=java.base/java.lang=ALL-UNNAMED --add-opens=java.base/java.lang.invoke=ALL-UNNAMED --add-opens=java.base/java.util=ALL-UNNAMED --add-opens=java.prefs/java.util.prefs=ALL-UNNAMED --add-opens=java.prefs/java.util.prefs=ALL-UNNAMED --add-opens=java.base/java.nio.charset=ALL-UNNAMED --add-opens=java.base/java.net=ALL-UNNAMED --add-opens=java.base/java.util.concurrent.atomic=ALL-UNNAMED -Xmx2048m -Dfile.encoding=UTF-8 -Duser.country=CN -Duser.language=zh -Duser.variant org.gradle.launcher.daemon.bootstrap.GradleDaemon 7.4

Host: Intel(R) Xeon(R) KVM CPU @ 2.50GHz, 4 cores, 7G,  Windows Server 2019 , 64 bit Build 17763 (10.0.17763.2989)
Time: Mon Nov  7 12:00:35 2022 ?D1¨²¡À¨º¡Á?¨º¡À?? elapsed time: 74.986570 seconds (0d 0h 1m 14s)

---------------  T H R E A D  ---------------

Current thread (0x000001ecc07a0800):  VMThread "VM Thread" [stack: 0x0000003d8d300000,0x0000003d8d400000] [id=6912]

Stack: [0x0000003d8d300000,0x0000003d8d400000]
[error occurred during error reporting (printing stack bounds), id 0xc0000005, EXCEPTION_ACCESS_VIOLATION (0xc0000005) at pc=0x000001ecaa6b12e7]

Native frames: (J=compiled Java code, j=interpreted, Vv=VM code, C=native code)
V  [jvm.dll+0x6100fa]
V  [jvm.dll+0x747090]
V  [jvm.dll+0x7486ad]
V  [jvm.dll+0x748ce5]
V  [jvm.dll+0x748c9b]
V  [jvm.dll+0x60f224]
V  [jvm.dll+0x60f9b8]
C  [ntdll.dll+0xa575f]
C  [ntdll.dll+0x4cef]
C  [ntdll.dll+0xa44ce]
C  0x000001ecaa6b12e7

VM_Operation (0x0000003d920fa700): G1CollectForAllocation, mode: safepoint, requested by thread 0x000001ecc6ea1000


---------------  P R O C E S S  ---------------

Threads class SMR info:
_java_thread_list=0x000001ecc980de40, length=87, elements={
0x000001eca6ba1800, 0x000001ecc07a3800, 0x000001ecc07ad800, 0x000001ecc07d3800,
0x000001ecc07d9000, 0x000001ecc1026000, 0x000001ecc1028800, 0x000001ecc1030000,
0x000001ecc103c000, 0x000001ecc11a6000, 0x000001ecc3465800, 0x000001ecc2aa4800,
0x000001ecc3ad0000, 0x000001ecc20aa000, 0x000001ecc1f43800, 0x000001ecc283e000,
0x000001ecc1f63800, 0x000001ecc24c3800, 0x000001ecc2a99000, 0x000001ecc3aa4000,
0x000001ecc3aa1800, 0x000001ecc3aa2000, 0x000001ecc3aa3000, 0x000001ecc3aa4800,
0x000001ecc3aa5800, 0x000001ecc3a9f800, 0x000001ecc3aa6000, 0x000001ecc3aa0800,
0x000001ecc492f800, 0x000001ecc492d800, 0x000001ecc492b800, 0x000001ecc492d000,
0x000001ecc4930000, 0x000001ecc492e800, 0x000001ecc492c000, 0x000001ecc4933800,
0x000001ecc4934800, 0x000001ecc4932800, 0x000001ecc4936000, 0x000001ecc4935000,
0x000001ecc4936800, 0x000001ecc4931000, 0x000001ecc493a000, 0x000001ecc4937800,
0x000001ecc4938800, 0x000001ecc4939000, 0x000001ecc4ec9800, 0x000001ecc4ecf000,
0x000001ecc4ecb000, 0x000001ecc4ece000, 0x000001ecc4ecc000, 0x000001ecc4ed0000,
0x000001ecc4ecc800, 0x000001ecc4eca000, 0x000001ecc4ed0800, 0x000001ecc4ed2800,
0x000001ecc4ed1800, 0x000001ecc4ed3000, 0x000001ecc4ecd800, 0x000001ecc4ed8000,
0x000001ecc4ed7000, 0x000001ecc4ed5000, 0x000001ecc4ed6800, 0x000001ecc4ed4000,
0x000001ecc4ed5800, 0x000001ecc6e9e000, 0x000001ecc6e9d000, 0x000001ecc6e9b800,
0x000001ecc6ea2000, 0x000001ecc6ea0800, 0x000001ecc6e9e800, 0x000001ecc6e9f800,
0x000001ecc6ea1000, 0x000001ecc6e9c000, 0x000001ecc6ea7000, 0x000001ecc6ea8800,
0x000001ecc6ea3000, 0x000001ecc6ea5000, 0x000001ecc6ea9800, 0x000001ecc6ea6000,
0x000001ecc6ea7800, 0x000001ecc6ea3800, 0x000001ecc6eaa000, 0x000001ecc6ea4800,
0x000001ecc3eed000, 0x000001ecc3ee8000, 0x000001ecc3eee000
}

Java Threads: ( => current thread )
  0x000001eca6ba1800 JavaThread "main" [_thread_blocked, id=7976, stack(0x0000003d8cd00000,0x0000003d8ce00000)]
  0x000001ecc07a3800 JavaThread "Reference Handler" daemon [_thread_blocked, id=8964, stack(0x0000003d8d400000,0x0000003d8d500000)]
  0x000001ecc07ad800 JavaThread "Finalizer" daemon [_thread_blocked, id=20944, stack(0x0000003d8d500000,0x0000003d8d600000)]
  0x000001ecc07d3800 JavaThread "Signal Dispatcher" daemon [_thread_blocked, id=20240, stack(0x0000003d8d600000,0x0000003d8d700000)]
  0x000001ecc07d9000 JavaThread "Attach Listener" daemon [_thread_blocked, id=20680, stack(0x0000003d8d700000,0x0000003d8d800000)]
  0x000001ecc1026000 JavaThread "Service Thread" daemon [_thread_blocked, id=21720, stack(0x0000003d8d800000,0x0000003d8d900000)]
  0x000001ecc1028800 JavaThread "C2 CompilerThread0" daemon [_thread_blocked, id=6960, stack(0x0000003d8d900000,0x0000003d8da00000)]
  0x000001ecc1030000 JavaThread "C1 CompilerThread0" daemon [_thread_blocked, id=15764, stack(0x0000003d8da00000,0x0000003d8db00000)]
  0x000001ecc103c000 JavaThread "Sweeper thread" daemon [_thread_blocked, id=5160, stack(0x0000003d8db00000,0x0000003d8dc00000)]
  0x000001ecc11a6000 JavaThread "Common-Cleaner" daemon [_thread_blocked, id=14436, stack(0x0000003d8dc00000,0x0000003d8dd00000)]
  0x000001ecc3465800 JavaThread "Daemon health stats" [_thread_blocked, id=9936, stack(0x0000003d8e000000,0x0000003d8e100000)]
  0x000001ecc2aa4800 JavaThread "Incoming local TCP Connector on port 57619" [_thread_in_native, id=5616, stack(0x0000003d8e100000,0x0000003d8e200000)]
  0x000001ecc3ad0000 JavaThread "Daemon periodic checks" [_thread_blocked, id=10556, stack(0x0000003d8e200000,0x0000003d8e300000)]
  0x000001ecc20aa000 JavaThread "Daemon" [_thread_blocked, id=12504, stack(0x0000003d8e300000,0x0000003d8e400000)]
  0x000001ecc1f43800 JavaThread "Handler for socket connection from /127.0.0.1:57619 to /127.0.0.1:57621" [_thread_in_native, id=16452, stack(0x0000003d8e400000,0x0000003d8e500000)]
  0x000001ecc283e000 JavaThread "Cancel handler" [_thread_blocked, id=22960, stack(0x0000003d8e500000,0x0000003d8e600000)]
  0x000001ecc1f63800 JavaThread "Daemon worker" [_thread_blocked, id=22728, stack(0x0000003d8e600000,0x0000003d8e700000)]
  0x000001ecc24c3800 JavaThread "Asynchronous log dispatcher for DefaultDaemonConnection: socket connection from /127.0.0.1:57619 to /127.0.0.1:57621" [_thread_blocked, id=16968, stack(0x0000003d8e700000,0x0000003d8e800000)]
  0x000001ecc2a99000 JavaThread "Daemon client event forwarder" [_thread_blocked, id=17132, stack(0x0000003d8e900000,0x0000003d8ea00000)]
  0x000001ecc3aa4000 JavaThread "Cache worker for journal cache (D:\gradle\caches\journal-1)" [_thread_blocked, id=12348, stack(0x0000003d8eb00000,0x0000003d8ec00000)]
  0x000001ecc3aa1800 JavaThread "File lock request listener" [_thread_in_native, id=15588, stack(0x0000003d8ec00000,0x0000003d8ed00000)]
  0x000001ecc3aa2000 JavaThread "Cache worker for file hash cache (D:\gradle\caches\7.4\fileHashes)" [_thread_blocked, id=19776, stack(0x0000003d8ed00000,0x0000003d8ee00000)]
  0x000001ecc3aa3000 JavaThread "File watcher server" daemon [_thread_blocked, id=21744, stack(0x0000003d8ee00000,0x0000003d8ef00000)]
  0x000001ecc3aa4800 JavaThread "File watcher consumer" daemon [_thread_blocked, id=18716, stack(0x0000003d8ef00000,0x0000003d8f000000)]
  0x000001ecc3aa5800 JavaThread "Cache worker for checksums cache (C:\Users\milkp_11844182809043\AndroidStudioProjects\StudentSpace\.gradle\7.4\checksums)" [_thread_blocked, id=14796, stack(0x0000003d8f000000,0x0000003d8f100000)]
  0x000001ecc3a9f800 JavaThread "Cache worker for cache directory md-rule (D:\gradle\caches\7.4\md-rule)" [_thread_blocked, id=16540, stack(0x0000003d8f100000,0x0000003d8f200000)]
  0x000001ecc3aa6000 JavaThread "Cache worker for file hash cache (C:\Users\milkp_11844182809043\AndroidStudioProjects\StudentSpace\.gradle\7.4\fileHashes)" [_thread_blocked, id=21068, stack(0x0000003d8f200000,0x0000003d8f300000)]
  0x000001ecc3aa0800 JavaThread "Cache worker for cache directory md-supplier (D:\gradle\caches\7.4\md-supplier)" [_thread_blocked, id=5716, stack(0x0000003d8f300000,0x0000003d8f400000)]
  0x000001ecc492f800 JavaThread "Cache worker for execution history cache (D:\gradle\caches\7.4\executionHistory)" [_thread_blocked, id=15120, stack(0x0000003d8f400000,0x0000003d8f500000)]
  0x000001ecc492d800 JavaThread "jar transforms" [_thread_blocked, id=21932, stack(0x0000003d8f500000,0x0000003d8f600000)]
  0x000001ecc492b800 JavaThread "Cache worker for file content cache (D:\gradle\caches\7.4\fileContent)" [_thread_blocked, id=23012, stack(0x0000003d8f600000,0x0000003d8f700000)]
  0x000001ecc492d000 JavaThread "jar transforms Thread 2" [_thread_blocked, id=22588, stack(0x0000003d8f700000,0x0000003d8f800000)]
  0x000001ecc4930000 JavaThread "Cache worker for dependencies-accessors (C:\Users\milkp_11844182809043\AndroidStudioProjects\StudentSpace\.gradle\7.4\dependencies-accessors)" [_thread_blocked, id=11564, stack(0x0000003d8f800000,0x0000003d8f900000)]
  0x000001ecc492e800 JavaThread "jar transforms Thread 3" [_thread_blocked, id=760, stack(0x0000003d8f900000,0x0000003d8fa00000)]
  0x000001ecc492c000 JavaThread "Cache worker for Build Output Cleanup Cache (C:\Users\milkp_11844182809043\AndroidStudioProjects\StudentSpace\.gradle\buildOutputCleanup)" [_thread_blocked, id=23480, stack(0x0000003d8fa00000,0x0000003d8fb00000)]
  0x000001ecc4933800 JavaThread "Unconstrained build operations" [_thread_blocked, id=22380, stack(0x0000003d8fb00000,0x0000003d8fc00000)]
  0x000001ecc4934800 JavaThread "Unconstrained build operations Thread 2" [_thread_blocked, id=16524, stack(0x0000003d8fc00000,0x0000003d8fd00000)]
  0x000001ecc4932800 JavaThread "Unconstrained build operations Thread 3" [_thread_blocked, id=14772, stack(0x0000003d8fd00000,0x0000003d8fe00000)]
  0x000001ecc4936000 JavaThread "Unconstrained build operations Thread 4" [_thread_blocked, id=18104, stack(0x0000003d8fe00000,0x0000003d8ff00000)]
  0x000001ecc4935000 JavaThread "Unconstrained build operations Thread 5" [_thread_blocked, id=11924, stack(0x0000003d8ff00000,0x0000003d90000000)]
  0x000001ecc4936800 JavaThread "Unconstrained build operations Thread 6" [_thread_blocked, id=9152, stack(0x0000003d90000000,0x0000003d90100000)]
  0x000001ecc4931000 JavaThread "Unconstrained build operations Thread 7" [_thread_blocked, id=19992, stack(0x0000003d90100000,0x0000003d90200000)]
  0x000001ecc493a000 JavaThread "Unconstrained build operations Thread 8" [_thread_blocked, id=22160, stack(0x0000003d90200000,0x0000003d90300000)]
  0x000001ecc4937800 JavaThread "Unconstrained build operations Thread 9" [_thread_blocked, id=11724, stack(0x0000003d90300000,0x0000003d90400000)]
  0x000001ecc4938800 JavaThread "Unconstrained build operations Thread 10" [_thread_blocked, id=17368, stack(0x0000003d90400000,0x0000003d90500000)]
  0x000001ecc4939000 JavaThread "Unconstrained build operations Thread 11" [_thread_blocked, id=7056, stack(0x0000003d90500000,0x0000003d90600000)]
  0x000001ecc4ec9800 JavaThread "Unconstrained build operations Thread 12" [_thread_blocked, id=18936, stack(0x0000003d90600000,0x0000003d90700000)]
  0x000001ecc4ecf000 JavaThread "Unconstrained build operations Thread 13" [_thread_blocked, id=14916, stack(0x0000003d90700000,0x0000003d90800000)]
  0x000001ecc4ecb000 JavaThread "Unconstrained build operations Thread 14" [_thread_blocked, id=13204, stack(0x0000003d90800000,0x0000003d90900000)]
  0x000001ecc4ece000 JavaThread "Unconstrained build operations Thread 15" [_thread_blocked, id=16576, stack(0x0000003d90900000,0x0000003d90a00000)]
  0x000001ecc4ecc000 JavaThread "Unconstrained build operations Thread 16" [_thread_blocked, id=7948, stack(0x0000003d90a00000,0x0000003d90b00000)]
  0x000001ecc4ed0000 JavaThread "Unconstrained build operations Thread 17" [_thread_blocked, id=13252, stack(0x0000003d90b00000,0x0000003d90c00000)]
  0x000001ecc4ecc800 JavaThread "Unconstrained build operations Thread 18" [_thread_blocked, id=11768, stack(0x0000003d90c00000,0x0000003d90d00000)]
  0x000001ecc4eca000 JavaThread "Unconstrained build operations Thread 19" [_thread_blocked, id=17868, stack(0x0000003d90d00000,0x0000003d90e00000)]
  0x000001ecc4ed0800 JavaThread "Unconstrained build operations Thread 20" [_thread_blocked, id=4212, stack(0x0000003d90e00000,0x0000003d90f00000)]
  0x000001ecc4ed2800 JavaThread "Unconstrained build operations Thread 21" [_thread_blocked, id=16916, stack(0x0000003d90f00000,0x0000003d91000000)]
  0x000001ecc4ed1800 JavaThread "Unconstrained build operations Thread 22" [_thread_blocked, id=21640, stack(0x0000003d91000000,0x0000003d91100000)]
  0x000001ecc4ed3000 JavaThread "Unconstrained build operations Thread 23" [_thread_blocked, id=2136, stack(0x0000003d91100000,0x0000003d91200000)]
  0x000001ecc4ecd800 JavaThread "Unconstrained build operations Thread 24" [_thread_blocked, id=14948, stack(0x0000003d91200000,0x0000003d91300000)]
  0x000001ecc4ed8000 JavaThread "Unconstrained build operations Thread 25" [_thread_blocked, id=14848, stack(0x0000003d91300000,0x0000003d91400000)]
  0x000001ecc4ed7000 JavaThread "Unconstrained build operations Thread 26" [_thread_blocked, id=13052, stack(0x0000003d91400000,0x0000003d91500000)]
  0x000001ecc4ed5000 JavaThread "Unconstrained build operations Thread 27" [_thread_blocked, id=5972, stack(0x0000003d91500000,0x0000003d91600000)]
  0x000001ecc4ed6800 JavaThread "Unconstrained build operations Thread 28" [_thread_blocked, id=21440, stack(0x0000003d91600000,0x0000003d91700000)]
  0x000001ecc4ed4000 JavaThread "Unconstrained build operations Thread 29" [_thread_blocked, id=15264, stack(0x0000003d91700000,0x0000003d91800000)]
  0x000001ecc4ed5800 JavaThread "Unconstrained build operations Thread 30" [_thread_blocked, id=13268, stack(0x0000003d91800000,0x0000003d91900000)]
  0x000001ecc6e9e000 JavaThread "Unconstrained build operations Thread 31" [_thread_blocked, id=20976, stack(0x0000003d91900000,0x0000003d91a00000)]
  0x000001ecc6e9d000 JavaThread "Unconstrained build operations Thread 32" [_thread_blocked, id=9192, stack(0x0000003d91a00000,0x0000003d91b00000)]
  0x000001ecc6e9b800 JavaThread "Unconstrained build operations Thread 33" [_thread_blocked, id=19592, stack(0x0000003d91b00000,0x0000003d91c00000)]
  0x000001ecc6ea2000 JavaThread "Unconstrained build operations Thread 34" [_thread_blocked, id=13424, stack(0x0000003d91c00000,0x0000003d91d00000)]
  0x000001ecc6ea0800 JavaThread "Unconstrained build operations Thread 35" [_thread_blocked, id=1440, stack(0x0000003d91d00000,0x0000003d91e00000)]
  0x000001ecc6e9e800 JavaThread "Unconstrained build operations Thread 36" [_thread_blocked, id=14108, stack(0x0000003d91e00000,0x0000003d91f00000)]
  0x000001ecc6e9f800 JavaThread "Unconstrained build operations Thread 37" [_thread_blocked, id=20880, stack(0x0000003d91f00000,0x0000003d92000000)]
  0x000001ecc6ea1000 JavaThread "Unconstrained build operations Thread 38" [_thread_blocked, id=21204, stack(0x0000003d92000000,0x0000003d92100000)]
  0x000001ecc6e9c000 JavaThread "Unconstrained build operations Thread 39" [_thread_blocked, id=20608, stack(0x0000003d92100000,0x0000003d92200000)]
  0x000001ecc6ea7000 JavaThread "Unconstrained build operations Thread 40" [_thread_blocked, id=20400, stack(0x0000003d92200000,0x0000003d92300000)]
  0x000001ecc6ea8800 JavaThread "jar transforms Thread 4" [_thread_blocked, id=13244, stack(0x0000003d92300000,0x0000003d92400000)]
  0x000001ecc6ea3000 JavaThread "Memory manager" [_thread_blocked, id=13028, stack(0x0000003d92400000,0x0000003d92500000)]
  0x000001ecc6ea5000 JavaThread "build event listener" [_thread_blocked, id=17184, stack(0x0000003d92500000,0x0000003d92600000)]
  0x000001ecc6ea9800 JavaThread "included builds" [_thread_blocked, id=14280, stack(0x0000003d92600000,0x0000003d92700000)]
  0x000001ecc6ea6000 JavaThread "Execution worker for ':'" [_thread_blocked, id=12736, stack(0x0000003d92700000,0x0000003d92800000)]
  0x000001ecc6ea7800 JavaThread "Execution worker for ':' Thread 2" [_thread_blocked, id=18144, stack(0x0000003d92800000,0x0000003d92900000)]
  0x000001ecc6ea3800 JavaThread "Execution worker for ':' Thread 3" [_thread_blocked, id=21636, stack(0x0000003d92900000,0x0000003d92a00000)]
  0x000001ecc6eaa000 JavaThread "Cache worker for execution history cache (C:\Users\milkp_11844182809043\AndroidStudioProjects\StudentSpace\.gradle\7.4\executionHistory)" [_thread_blocked, id=19232, stack(0x0000003d92a00000,0x0000003d92b00000)]
  0x000001ecc6ea4800 JavaThread "WorkerExecutor Queue" [_thread_blocked, id=17632, stack(0x0000003d92b00000,0x0000003d92c00000)]
  0x000001ecc3eed000 JavaThread "WorkerExecutor Queue Thread 2" [_thread_blocked, id=15424, stack(0x0000003d92c00000,0x0000003d92d00000)]
  0x000001ecc3ee8000 JavaThread "WorkerExecutor Queue Thread 3" [_thread_blocked, id=21448, stack(0x0000003d92e00000,0x0000003d92f00000)]
  0x000001ecc3eee000 JavaThread "WorkerExecutor Queue Thread 5" [_thread_blocked, id=11100, stack(0x0000003d8ca00000,0x0000003d8cb00000)]

Other Threads:
=>0x000001ecc07a0800 VMThread "VM Thread" [stack: 0x0000003d8d300000,0x0000003d8d400000] [id=6912]
  0x000001ecc11fd000 WatcherThread [stack: 0x0000003d8dd00000,0x0000003d8de00000] [id=3516]
  0x000001eca6bbc800 GCTaskThread "GC Thread#0" [stack: 0x0000003d8ce00000,0x0000003d8cf00000] [id=12744]
  0x000001ecc1a89800 GCTaskThread "GC Thread#1" [stack: 0x0000003d8de00000,0x0000003d8df00000] [id=3280]
  0x000001ecc1a70000 GCTaskThread "GC Thread#2" [stack: 0x0000003d8df00000,0x0000003d8e000000] [id=23336]
  0x000001ecc31cc000 GCTaskThread "GC Thread#3" [stack: 0x0000003d8ea00000,0x0000003d8eb00000] [id=17444]
  0x000001eca6bec000 ConcurrentGCThread "G1 Main Marker" [stack: 0x0000003d8cf00000,0x0000003d8d000000] [id=17488]
  0x000001eca6bed800 ConcurrentGCThread "G1 Conc#0" [stack: 0x0000003d8d000000,0x0000003d8d100000] [id=19528]
  0x000001eca6c6d800 ConcurrentGCThread "G1 Refine#0" [stack: 0x0000003d8d100000,0x0000003d8d200000] [id=22696]
  0x000001ecc4e15800 ConcurrentGCThread "G1 Refine#1" [stack: 0x0000003d92d00000,0x0000003d92e00000] [id=9392]
  0x000001ecc05f2800 ConcurrentGCThread "G1 Young RemSet Sampling" [stack: 0x0000003d8d200000,0x0000003d8d300000] [id=22060]

Threads with active compile tasks:
C2 CompilerThread0  75022 19791 %     4       com.android.tools.r8.ir.regalloc.b::c @ 2070 (4031 bytes)
C1 CompilerThread0  75022 19842       2       com.android.tools.r8.internal.n30$$Lambda$1906/0x0000000100fe9c40::accept (20 bytes)

VM state:at safepoint (normal execution)

VM Mutex/Monitor currently owned by a thread:  ([mutex/lock_event])
[0x000001eca6b9dcc0] Threads_lock - owner thread: 0x000001ecc07a0800
[0x000001eca6b9d570] Heap_lock - owner thread: 0x000001ecc6ea1000

Heap address: 0x0000000080000000, size: 2048 MB, Compressed Oops mode: 32-bit
Narrow klass base: 0x0000000000000000, Narrow klass shift: 3
Compressed class space size: 1073741824 Address: 0x0000000100000000

Heap:
 garbage-first heap   total 287744K, used 135345K [0x0000000080000000, 0x0000000100000000)
  region size 1024K, 3 young (3072K), 3 survivors (3072K)
 Metaspace       used 123979K, capacity 127098K, committed 127440K, reserved 1161216K
  class space    used 15375K, capacity 16557K, committed 16768K, reserved 1048576K
Heap Regions: E=young(eden), S=young(survivor), O=old, HS=humongous(starts), HC=humongous(continues), CS=collection set, F=free, A=archive, TAMS=top-at-mark-start (previous, next)
|   0|0x0000000080000000, 0x0000000080100000, 0x0000000080100000|100%|HS|  |TAMS 0x0000000080100000, 0x0000000080000000| Complete 
|   1|0x0000000080100000, 0x0000000080200000, 0x0000000080200000|100%|HC|  |TAMS 0x0000000080200000, 0x0000000080100000| Complete 
|   2|0x0000000080200000, 0x0000000080300000, 0x0000000080300000|100%|HC|  |TAMS 0x0000000080300000, 0x0000000080200000| Complete 
|   3|0x0000000080300000, 0x0000000080400000, 0x0000000080400000|100%| O|  |TAMS 0x0000000080400000, 0x0000000080300000| Untracked 
|   4|0x0000000080400000, 0x0000000080500000, 0x0000000080500000|100%| O|  |TAMS 0x0000000080500000, 0x0000000080400000| Untracked 
|   5|0x0000000080500000, 0x0000000080600000, 0x0000000080600000|100%| O|  |TAMS 0x0000000080600000, 0x0000000080500000| Untracked 
|   6|0x0000000080600000, 0x0000000080700000, 0x0000000080700000|100%| O|  |TAMS 0x0000000080700000, 0x0000000080600000| Untracked 
|   7|0x0000000080700000, 0x0000000080800000, 0x0000000080800000|100%| O|  |TAMS 0x0000000080800000, 0x0000000080700000| Untracked 
|   8|0x0000000080800000, 0x0000000080900000, 0x0000000080900000|100%| O|  |TAMS 0x0000000080900000, 0x0000000080800000| Untracked 
|   9|0x0000000080900000, 0x0000000080a00000, 0x0000000080a00000|100%| O|  |TAMS 0x0000000080a00000, 0x0000000080900000| Untracked 
|  10|0x0000000080a00000, 0x0000000080b00000, 0x0000000080b00000|100%| O|  |TAMS 0x0000000080b00000, 0x0000000080a00000| Untracked 
|  11|0x0000000080b00000, 0x0000000080c00000, 0x0000000080c00000|100%| O|  |TAMS 0x0000000080c00000, 0x0000000080b00000| Untracked 
|  12|0x0000000080c00000, 0x0000000080d00000, 0x0000000080d00000|100%| O|  |TAMS 0x0000000080d00000, 0x0000000080c00000| Untracked 
|  13|0x0000000080d00000, 0x0000000080e00000, 0x0000000080e00000|100%| O|  |TAMS 0x0000000080e00000, 0x0000000080d00000| Untracked 
|  14|0x0000000080e00000, 0x0000000080f00000, 0x0000000080f00000|100%| O|  |TAMS 0x0000000080f00000, 0x0000000080e00000| Untracked 
|  15|0x0000000080f00000, 0x0000000081000000, 0x0000000081000000|100%| O|  |TAMS 0x0000000081000000, 0x0000000080f00000| Untracked 
|  16|0x0000000081000000, 0x0000000081100000, 0x0000000081100000|100%|HS|  |TAMS 0x0000000081100000, 0x0000000081000000| Complete 
|  17|0x0000000081100000, 0x0000000081200000, 0x0000000081200000|100%|HS|  |TAMS 0x0000000081200000, 0x0000000081100000| Complete 
|  18|0x0000000081200000, 0x0000000081300000, 0x0000000081300000|100%|HS|  |TAMS 0x0000000081300000, 0x0000000081200000| Complete 
|  19|0x0000000081300000, 0x0000000081400000, 0x0000000081400000|100%|HS|  |TAMS 0x0000000081400000, 0x0000000081300000| Complete 
|  20|0x0000000081400000, 0x0000000081500000, 0x0000000081500000|100%|HC|  |TAMS 0x0000000081500000, 0x0000000081400000| Complete 
|  21|0x0000000081500000, 0x0000000081600000, 0x0000000081600000|100%|HC|  |TAMS 0x0000000081600000, 0x0000000081500000| Complete 
|  22|0x0000000081600000, 0x0000000081700000, 0x0000000081700000|100%| O|  |TAMS 0x0000000081700000, 0x0000000081600000| Untracked 
|  23|0x0000000081700000, 0x0000000081800000, 0x0000000081800000|100%|HS|  |TAMS 0x0000000081800000, 0x0000000081700000| Complete 
|  24|0x0000000081800000, 0x0000000081900000, 0x0000000081900000|100%|HC|  |TAMS 0x0000000081900000, 0x0000000081800000| Complete 
|  25|0x0000000081900000, 0x0000000081a00000, 0x0000000081a00000|100%| O|  |TAMS 0x0000000081a00000, 0x0000000081900000| Untracked 
|  26|0x0000000081a00000, 0x0000000081b00000, 0x0000000081b00000|100%| O|  |TAMS 0x0000000081b00000, 0x0000000081a00000| Untracked 
|  27|0x0000000081b00000, 0x0000000081c00000, 0x0000000081c00000|100%| O|  |TAMS 0x0000000081c00000, 0x0000000081b00000| Untracked 
|  28|0x0000000081c00000, 0x0000000081d00000, 0x0000000081d00000|100%| O|  |TAMS 0x0000000081d00000, 0x0000000081c00000| Untracked 
|  29|0x0000000081d00000, 0x0000000081e00000, 0x0000000081e00000|100%| O|  |TAMS 0x0000000081e00000, 0x0000000081d00000| Untracked 
|  30|0x0000000081e00000, 0x0000000081f00000, 0x0000000081f00000|100%| O|  |TAMS 0x0000000081f00000, 0x0000000081e00000| Untracked 
|  31|0x0000000081f00000, 0x0000000082000000, 0x0000000082000000|100%| O|  |TAMS 0x0000000082000000, 0x0000000081f00000| Untracked 
|  32|0x0000000082000000, 0x0000000082100000, 0x0000000082100000|100%| O|  |TAMS 0x0000000082100000, 0x0000000082000000| Untracked 
|  33|0x0000000082100000, 0x0000000082200000, 0x0000000082200000|100%| O|  |TAMS 0x0000000082200000, 0x0000000082100000| Untracked 
|  34|0x0000000082200000, 0x0000000082300000, 0x0000000082300000|100%| O|  |TAMS 0x0000000082300000, 0x0000000082200000| Untracked 
|  35|0x0000000082300000, 0x0000000082400000, 0x0000000082400000|100%| O|  |TAMS 0x0000000082400000, 0x0000000082300000| Untracked 
|  36|0x0000000082400000, 0x0000000082500000, 0x0000000082500000|100%| O|  |TAMS 0x0000000082500000, 0x0000000082400000| Untracked 
|  37|0x0000000082500000, 0x0000000082600000, 0x0000000082600000|100%| O|  |TAMS 0x0000000082600000, 0x0000000082500000| Untracked 
|  38|0x0000000082600000, 0x0000000082700000, 0x0000000082700000|100%| O|  |TAMS 0x0000000082700000, 0x0000000082600000| Untracked 
|  39|0x0000000082700000, 0x0000000082800000, 0x0000000082800000|100%| O|  |TAMS 0x0000000082800000, 0x0000000082700000| Untracked 
|  40|0x0000000082800000, 0x0000000082900000, 0x0000000082900000|100%| O|  |TAMS 0x0000000082900000, 0x0000000082800000| Untracked 
|  41|0x0000000082900000, 0x0000000082a00000, 0x0000000082a00000|100%| O|  |TAMS 0x0000000082a00000, 0x0000000082900000| Untracked 
|  42|0x0000000082a00000, 0x0000000082b00000, 0x0000000082b00000|100%| O|  |TAMS 0x0000000082b00000, 0x0000000082a00000| Untracked 
|  43|0x0000000082b00000, 0x0000000082c00000, 0x0000000082c00000|100%| O|  |TAMS 0x0000000082c00000, 0x0000000082b00000| Untracked 
|  44|0x0000000082c00000, 0x0000000082d00000, 0x0000000082d00000|100%| O|  |TAMS 0x0000000082d00000, 0x0000000082c00000| Untracked 
|  45|0x0000000082d00000, 0x0000000082e00000, 0x0000000082e00000|100%| O|  |TAMS 0x0000000082e00000, 0x0000000082d00000| Untracked 
|  46|0x0000000082e00000, 0x0000000082f00000, 0x0000000082f00000|100%| O|  |TAMS 0x0000000082f00000, 0x0000000082e00000| Untracked 
|  47|0x0000000082f00000, 0x0000000083000000, 0x0000000083000000|100%| O|  |TAMS 0x0000000083000000, 0x0000000082f00000| Untracked 
|  48|0x0000000083000000, 0x0000000083100000, 0x0000000083100000|100%| O|  |TAMS 0x0000000083100000, 0x0000000083000000| Untracked 
|  49|0x0000000083100000, 0x0000000083200000, 0x0000000083200000|100%| O|  |TAMS 0x0000000083200000, 0x0000000083100000| Untracked 
|  50|0x0000000083200000, 0x0000000083300000, 0x0000000083300000|100%| O|  |TAMS 0x0000000083300000, 0x0000000083200000| Untracked 
|  51|0x0000000083300000, 0x0000000083400000, 0x0000000083400000|100%| O|  |TAMS 0x0000000083400000, 0x0000000083300000| Untracked 
|  52|0x0000000083400000, 0x0000000083500000, 0x0000000083500000|100%| O|  |TAMS 0x0000000083500000, 0x0000000083400000| Untracked 
|  53|0x0000000083500000, 0x0000000083600000, 0x0000000083600000|100%| O|  |TAMS 0x0000000083600000, 0x0000000083500000| Untracked 
|  54|0x0000000083600000, 0x0000000083700000, 0x0000000083700000|100%| O|  |TAMS 0x0000000083700000, 0x0000000083600000| Untracked 
|  55|0x0000000083700000, 0x0000000083800000, 0x0000000083800000|100%| O|  |TAMS 0x0000000083800000, 0x0000000083700000| Untracked 
|  56|0x0000000083800000, 0x0000000083900000, 0x0000000083900000|100%| O|  |TAMS 0x0000000083900000, 0x0000000083800000| Untracked 
|  57|0x0000000083900000, 0x0000000083a00000, 0x0000000083a00000|100%| O|  |TAMS 0x0000000083a00000, 0x0000000083900000| Untracked 
|  58|0x0000000083a00000, 0x0000000083b00000, 0x0000000083b00000|100%| O|  |TAMS 0x0000000083b00000, 0x0000000083a00000| Untracked 
|  59|0x0000000083b00000, 0x0000000083c00000, 0x0000000083c00000|100%| O|  |TAMS 0x0000000083c00000, 0x0000000083b00000| Untracked 
|  60|0x0000000083c00000, 0x0000000083d00000, 0x0000000083d00000|100%| O|  |TAMS 0x0000000083d00000, 0x0000000083c00000| Untracked 
|  61|0x0000000083d00000, 0x0000000083e00000, 0x0000000083e00000|100%| O|  |TAMS 0x0000000083e00000, 0x0000000083d00000| Untracked 
|  62|0x0000000083e00000, 0x0000000083f00000, 0x0000000083f00000|100%| O|  |TAMS 0x0000000083f00000, 0x0000000083e00000| Untracked 
|  63|0x0000000083f00000, 0x0000000084000000, 0x0000000084000000|100%| O|  |TAMS 0x0000000084000000, 0x0000000083f00000| Untracked 
|  64|0x0000000084000000, 0x0000000084100000, 0x0000000084100000|100%| O|  |TAMS 0x0000000084100000, 0x0000000084000000| Untracked 
|  65|0x0000000084100000, 0x0000000084200000, 0x0000000084200000|100%| O|  |TAMS 0x0000000084200000, 0x0000000084100000| Untracked 
|  66|0x0000000084200000, 0x0000000084300000, 0x0000000084300000|100%| O|  |TAMS 0x0000000084300000, 0x0000000084200000| Untracked 
|  67|0x0000000084300000, 0x0000000084400000, 0x0000000084400000|100%| O|  |TAMS 0x0000000084400000, 0x0000000084300000| Untracked 
|  68|0x0000000084400000, 0x0000000084500000, 0x0000000084500000|100%| O|  |TAMS 0x0000000084500000, 0x0000000084400000| Untracked 
|  69|0x0000000084500000, 0x0000000084600000, 0x0000000084600000|100%| O|  |TAMS 0x0000000084600000, 0x0000000084500000| Untracked 
|  70|0x0000000084600000, 0x0000000084700000, 0x0000000084700000|100%| O|  |TAMS 0x0000000084700000, 0x0000000084600000| Untracked 
|  71|0x0000000084700000, 0x0000000084800000, 0x0000000084800000|100%| O|  |TAMS 0x0000000084800000, 0x0000000084700000| Untracked 
|  72|0x0000000084800000, 0x0000000084900000, 0x0000000084900000|100%| O|  |TAMS 0x0000000084900000, 0x0000000084800000| Untracked 
|  73|0x0000000084900000, 0x0000000084a00000, 0x0000000084a00000|100%| O|  |TAMS 0x0000000084a00000, 0x0000000084900000| Untracked 
|  74|0x0000000084a00000, 0x0000000084b00000, 0x0000000084b00000|100%| O|  |TAMS 0x0000000084b00000, 0x0000000084a00000| Untracked 
|  75|0x0000000084b00000, 0x0000000084c00000, 0x0000000084c00000|100%| O|  |TAMS 0x0000000084c00000, 0x0000000084b00000| Untracked 
|  76|0x0000000084c00000, 0x0000000084d00000, 0x0000000084d00000|100%| O|  |TAMS 0x0000000084d00000, 0x0000000084c00000| Untracked 
|  77|0x0000000084d00000, 0x0000000084e00000, 0x0000000084e00000|100%| O|  |TAMS 0x0000000084d00000, 0x0000000084d00000| Untracked 
|  78|0x0000000084e00000, 0x0000000084f00000, 0x0000000084f00000|100%| O|  |TAMS 0x0000000084f00000, 0x0000000084e00000| Untracked 
|  79|0x0000000084f00000, 0x0000000085000000, 0x0000000085000000|100%| O|  |TAMS 0x0000000085000000, 0x0000000084f00000| Untracked 
|  80|0x0000000085000000, 0x0000000085100000, 0x0000000085100000|100%| O|  |TAMS 0x0000000085100000, 0x0000000085000000| Untracked 
|  81|0x0000000085100000, 0x0000000085200000, 0x0000000085200000|100%| O|  |TAMS 0x0000000085200000, 0x0000000085100000| Untracked 
|  82|0x0000000085200000, 0x0000000085300000, 0x0000000085300000|100%| O|  |TAMS 0x0000000085300000, 0x0000000085200000| Untracked 
|  83|0x0000000085300000, 0x0000000085400000, 0x0000000085400000|100%| O|  |TAMS 0x0000000085400000, 0x0000000085300000| Untracked 
|  84|0x0000000085400000, 0x0000000085500000, 0x0000000085500000|100%| O|  |TAMS 0x0000000085500000, 0x0000000085400000| Untracked 
|  85|0x0000000085500000, 0x0000000085600000, 0x0000000085600000|100%| O|  |TAMS 0x0000000085600000, 0x0000000085500000| Untracked 
|  86|0x0000000085600000, 0x0000000085700000, 0x0000000085700000|100%| O|  |TAMS 0x0000000085700000, 0x0000000085600000| Untracked 
|  87|0x0000000085700000, 0x0000000085800000, 0x0000000085800000|100%| O|  |TAMS 0x0000000085800000, 0x0000000085700000| Untracked 
|  88|0x0000000085800000, 0x0000000085900000, 0x0000000085900000|100%| O|  |TAMS 0x0000000085900000, 0x0000000085800000| Untracked 
|  89|0x0000000085900000, 0x0000000085a00000, 0x0000000085a00000|100%| O|  |TAMS 0x0000000085a00000, 0x0000000085900000| Untracked 
|  90|0x0000000085a00000, 0x0000000085b00000, 0x0000000085b00000|100%| O|  |TAMS 0x0000000085b00000, 0x0000000085a00000| Untracked 
|  91|0x0000000085b00000, 0x0000000085c00000, 0x0000000085c00000|100%| O|  |TAMS 0x0000000085c00000, 0x0000000085b00000| Untracked 
|  92|0x0000000085c00000, 0x0000000085d00000, 0x0000000085d00000|100%| O|  |TAMS 0x0000000085d00000, 0x0000000085c00000| Untracked 
|  93|0x0000000085d00000, 0x0000000085e00000, 0x0000000085e00000|100%| O|  |TAMS 0x0000000085e00000, 0x0000000085d00000| Untracked 
|  94|0x0000000085e00000, 0x0000000085f00000, 0x0000000085f00000|100%| O|  |TAMS 0x0000000085f00000, 0x0000000085e00000| Untracked 
|  95|0x0000000085f00000, 0x0000000086000000, 0x0000000086000000|100%| O|  |TAMS 0x0000000086000000, 0x0000000085f00000| Untracked 
|  96|0x0000000086000000, 0x0000000086100000, 0x0000000086100000|100%| O|  |TAMS 0x0000000086100000, 0x0000000086000000| Untracked 
|  97|0x0000000086100000, 0x0000000086200000, 0x0000000086200000|100%| O|  |TAMS 0x0000000086200000, 0x0000000086100000| Untracked 
|  98|0x0000000086200000, 0x0000000086300000, 0x0000000086300000|100%| O|  |TAMS 0x0000000086300000, 0x0000000086200000| Untracked 
|  99|0x0000000086300000, 0x0000000086400000, 0x0000000086400000|100%| O|  |TAMS 0x0000000086400000, 0x0000000086300000| Untracked 
| 100|0x0000000086400000, 0x0000000086500000, 0x0000000086500000|100%| O|  |TAMS 0x0000000086500000, 0x0000000086400000| Untracked 
| 101|0x0000000086500000, 0x0000000086600000, 0x0000000086600000|100%| O|  |TAMS 0x0000000086600000, 0x0000000086500000| Untracked 
| 102|0x0000000086600000, 0x0000000086700000, 0x0000000086700000|100%|HS|  |TAMS 0x0000000086700000, 0x0000000086600000| Complete 
| 103|0x0000000086700000, 0x0000000086800000, 0x0000000086800000|100%|HC|  |TAMS 0x0000000086800000, 0x0000000086700000| Complete 
| 104|0x0000000086800000, 0x0000000086900000, 0x0000000086900000|100%| O|  |TAMS 0x0000000086900000, 0x0000000086800000| Untracked 
| 105|0x0000000086900000, 0x0000000086a00000, 0x0000000086a00000|100%| O|  |TAMS 0x0000000086a00000, 0x0000000086900000| Untracked 
| 106|0x0000000086a00000, 0x0000000086b00000, 0x0000000086b00000|100%| O|  |TAMS 0x0000000086b00000, 0x0000000086a00000| Untracked 
| 107|0x0000000086b00000, 0x0000000086c00000, 0x0000000086c00000|100%| O|  |TAMS 0x0000000086c00000, 0x0000000086b00000| Untracked 
| 108|0x0000000086c00000, 0x0000000086d00000, 0x0000000086d00000|100%| O|  |TAMS 0x0000000086d00000, 0x0000000086c00000| Untracked 
| 109|0x0000000086d00000, 0x0000000086e00000, 0x0000000086e00000|100%| O|  |TAMS 0x0000000086e00000, 0x0000000086d00000| Untracked 
| 110|0x0000000086e00000, 0x0000000086f00000, 0x0000000086f00000|100%| O|  |TAMS 0x0000000086f00000, 0x0000000086e00000| Untracked 
| 111|0x0000000086f00000, 0x0000000087000000, 0x0000000087000000|100%| O|  |TAMS 0x0000000087000000, 0x0000000086f00000| Untracked 
| 112|0x0000000087000000, 0x0000000087100000, 0x0000000087100000|100%| O|  |TAMS 0x0000000087100000, 0x0000000087000000| Untracked 
| 113|0x0000000087100000, 0x0000000087200000, 0x0000000087200000|100%| O|  |TAMS 0x0000000087200000, 0x0000000087100000| Untracked 
| 114|0x0000000087200000, 0x0000000087300000, 0x0000000087300000|100%| O|  |TAMS 0x0000000087300000, 0x0000000087200000| Untracked 
| 115|0x0000000087300000, 0x0000000087400000, 0x0000000087400000|100%| O|  |TAMS 0x0000000087400000, 0x0000000087300000| Untracked 
| 116|0x0000000087400000, 0x0000000087500000, 0x0000000087500000|100%| O|  |TAMS 0x0000000087500000, 0x0000000087400000| Untracked 
| 117|0x0000000087500000, 0x0000000087600000, 0x0000000087600000|100%| O|  |TAMS 0x0000000087600000, 0x0000000087500000| Untracked 
| 118|0x0000000087600000, 0x0000000087700000, 0x0000000087700000|100%| O|  |TAMS 0x0000000087700000, 0x0000000087600000| Untracked 
| 119|0x0000000087700000, 0x0000000087800000, 0x0000000087800000|100%| O|  |TAMS 0x0000000087700000, 0x0000000087700000| Untracked 
| 120|0x0000000087800000, 0x0000000087900000, 0x0000000087900000|100%| O|  |TAMS 0x0000000087900000, 0x0000000087800000| Untracked 
| 121|0x0000000087900000, 0x0000000087a00000, 0x0000000087a00000|100%| O|  |TAMS 0x0000000087a00000, 0x0000000087900000| Untracked 
| 122|0x0000000087a00000, 0x0000000087b00000, 0x0000000087b00000|100%| O|  |TAMS 0x0000000087b00000, 0x0000000087a00000| Untracked 
| 123|0x0000000087b00000, 0x0000000087c00000, 0x0000000087c00000|100%| O|  |TAMS 0x0000000087c00000, 0x0000000087b00000| Untracked 
| 124|0x0000000087c00000, 0x0000000087d00000, 0x0000000087d00000|100%| O|  |TAMS 0x0000000087c00000, 0x0000000087c00000| Untracked 
| 125|0x0000000087d00000, 0x0000000087e00000, 0x0000000087e00000|100%| O|  |TAMS 0x0000000087d00000, 0x0000000087d00000| Untracked 
| 126|0x0000000087e00000, 0x0000000087f00000, 0x0000000087f00000|100%| O|  |TAMS 0x0000000087e00000, 0x0000000087e00000| Untracked 
| 127|0x0000000087f00000, 0x0000000088000000, 0x0000000088000000|100%| O|  |TAMS 0x0000000087f00000, 0x0000000087f00000| Untracked 
| 128|0x0000000088000000, 0x0000000088100000, 0x0000000088100000|100%| O|  |TAMS 0x0000000088000000, 0x0000000088000000| Untracked 
| 129|0x0000000088100000, 0x00000000881e9600, 0x0000000088200000| 91%| O|  |TAMS 0x0000000088100000, 0x0000000088100000| Untracked 
| 130|0x0000000088200000, 0x0000000088200000, 0x0000000088300000|  0%| F|  |TAMS 0x0000000088200000, 0x0000000088200000| Untracked 
| 131|0x0000000088300000, 0x0000000088300000, 0x0000000088400000|  0%| F|  |TAMS 0x0000000088300000, 0x0000000088300000| Untracked 
| 132|0x0000000088400000, 0x0000000088400000, 0x0000000088500000|  0%| F|  |TAMS 0x0000000088400000, 0x0000000088400000| Untracked 
| 133|0x0000000088500000, 0x0000000088500000, 0x0000000088600000|  0%| F|  |TAMS 0x0000000088500000, 0x0000000088500000| Untracked 
| 134|0x0000000088600000, 0x0000000088600000, 0x0000000088700000|  0%| F|  |TAMS 0x0000000088600000, 0x0000000088600000| Untracked 
| 135|0x0000000088700000, 0x0000000088700000, 0x0000000088800000|  0%| F|  |TAMS 0x0000000088700000, 0x0000000088700000| Untracked 
| 136|0x0000000088800000, 0x0000000088800000, 0x0000000088900000|  0%| F|  |TAMS 0x0000000088800000, 0x0000000088800000| Untracked 
| 137|0x0000000088900000, 0x0000000088900000, 0x0000000088a00000|  0%| F|  |TAMS 0x0000000088900000, 0x0000000088900000| Untracked 
| 138|0x0000000088a00000, 0x0000000088a00000, 0x0000000088b00000|  0%| F|  |TAMS 0x0000000088a00000, 0x0000000088a00000| Untracked 
| 139|0x0000000088b00000, 0x0000000088b00000, 0x0000000088c00000|  0%| F|  |TAMS 0x0000000088b00000, 0x0000000088b00000| Untracked 
| 140|0x0000000088c00000, 0x0000000088c00000, 0x0000000088d00000|  0%| F|  |TAMS 0x0000000088c00000, 0x0000000088c00000| Untracked 
| 141|0x0000000088d00000, 0x0000000088d00000, 0x0000000088e00000|  0%| F|  |TAMS 0x0000000088d00000, 0x0000000088d00000| Untracked 
| 142|0x0000000088e00000, 0x0000000088e00000, 0x0000000088f00000|  0%| F|  |TAMS 0x0000000088e00000, 0x0000000088e00000| Untracked 
| 143|0x0000000088f00000, 0x0000000088f00000, 0x0000000089000000|  0%| F|  |TAMS 0x0000000088f00000, 0x0000000088f00000| Untracked 
| 144|0x0000000089000000, 0x0000000089000000, 0x0000000089100000|  0%| F|  |TAMS 0x0000000089000000, 0x0000000089000000| Untracked 
| 145|0x0000000089100000, 0x0000000089100000, 0x0000000089200000|  0%| F|  |TAMS 0x0000000089100000, 0x0000000089100000| Untracked 
| 146|0x0000000089200000, 0x0000000089200000, 0x0000000089300000|  0%| F|  |TAMS 0x0000000089200000, 0x0000000089200000| Untracked 
| 147|0x0000000089300000, 0x0000000089300000, 0x0000000089400000|  0%| F|  |TAMS 0x0000000089300000, 0x0000000089300000| Untracked 
| 148|0x0000000089400000, 0x0000000089400000, 0x0000000089500000|  0%| F|  |TAMS 0x0000000089400000, 0x0000000089400000| Untracked 
| 149|0x0000000089500000, 0x0000000089500000, 0x0000000089600000|  0%| F|  |TAMS 0x0000000089500000, 0x0000000089500000| Untracked 
| 150|0x0000000089600000, 0x0000000089600000, 0x0000000089700000|  0%| F|  |TAMS 0x0000000089600000, 0x0000000089600000| Untracked 
| 151|0x0000000089700000, 0x0000000089700000, 0x0000000089800000|  0%| F|  |TAMS 0x0000000089700000, 0x0000000089700000| Untracked 
| 152|0x0000000089800000, 0x0000000089800000, 0x0000000089900000|  0%| F|  |TAMS 0x0000000089800000, 0x0000000089800000| Untracked 
| 153|0x0000000089900000, 0x0000000089900000, 0x0000000089a00000|  0%| F|  |TAMS 0x0000000089900000, 0x0000000089900000| Untracked 
| 154|0x0000000089a00000, 0x0000000089a00000, 0x0000000089b00000|  0%| F|  |TAMS 0x0000000089a00000, 0x0000000089a00000| Untracked 
| 155|0x0000000089b00000, 0x0000000089b00000, 0x0000000089c00000|  0%| F|  |TAMS 0x0000000089b00000, 0x0000000089b00000| Untracked 
| 156|0x0000000089c00000, 0x0000000089c00000, 0x0000000089d00000|  0%| F|  |TAMS 0x0000000089c00000, 0x0000000089c00000| Untracked 
| 157|0x0000000089d00000, 0x0000000089d00000, 0x0000000089e00000|  0%| F|  |TAMS 0x0000000089d00000, 0x0000000089d00000| Untracked 
| 158|0x0000000089e00000, 0x0000000089e00000, 0x0000000089f00000|  0%| F|  |TAMS 0x0000000089e00000, 0x0000000089e00000| Untracked 
| 159|0x0000000089f00000, 0x0000000089f00000, 0x000000008a000000|  0%| F|  |TAMS 0x0000000089f00000, 0x0000000089f00000| Untracked 
| 160|0x000000008a000000, 0x000000008a000000, 0x000000008a100000|  0%| F|  |TAMS 0x000000008a000000, 0x000000008a000000| Untracked 
| 161|0x000000008a100000, 0x000000008a100000, 0x000000008a200000|  0%| F|  |TAMS 0x000000008a100000, 0x000000008a100000| Untracked 
| 162|0x000000008a200000, 0x000000008a200000, 0x000000008a300000|  0%| F|  |TAMS 0x000000008a200000, 0x000000008a200000| Untracked 
| 163|0x000000008a300000, 0x000000008a300000, 0x000000008a400000|  0%| F|  |TAMS 0x000000008a300000, 0x000000008a300000| Untracked 
| 164|0x000000008a400000, 0x000000008a400000, 0x000000008a500000|  0%| F|  |TAMS 0x000000008a400000, 0x000000008a400000| Untracked 
| 165|0x000000008a500000, 0x000000008a500000, 0x000000008a600000|  0%| F|  |TAMS 0x000000008a500000, 0x000000008a500000| Untracked 
| 166|0x000000008a600000, 0x000000008a600000, 0x000000008a700000|  0%| F|  |TAMS 0x000000008a600000, 0x000000008a600000| Untracked 
| 167|0x000000008a700000, 0x000000008a743138, 0x000000008a800000| 26%| S|CS|TAMS 0x000000008a700000, 0x000000008a700000| Complete 
| 168|0x000000008a800000, 0x000000008a800000, 0x000000008a900000|  0%| F|  |TAMS 0x000000008a800000, 0x000000008a800000| Untracked 
| 169|0x000000008a900000, 0x000000008a900000, 0x000000008aa00000|  0%| F|  |TAMS 0x000000008a900000, 0x000000008a900000| Untracked 
| 170|0x000000008aa00000, 0x000000008ab00000, 0x000000008ab00000|100%| S|CS|TAMS 0x000000008aa00000, 0x000000008aa00000| Complete 
| 171|0x000000008ab00000, 0x000000008ac00000, 0x000000008ac00000|100%| S|CS|TAMS 0x000000008ab00000, 0x000000008ab00000| Complete 
| 172|0x000000008ac00000, 0x000000008ac00000, 0x000000008ad00000|  0%| F|  |TAMS 0x000000008ac00000, 0x000000008ac00000| Untracked 
| 173|0x000000008ad00000, 0x000000008ad00000, 0x000000008ae00000|  0%| F|  |TAMS 0x000000008ad00000, 0x000000008ad00000| Untracked 
| 174|0x000000008ae00000, 0x000000008ae00000, 0x000000008af00000|  0%| F|  |TAMS 0x000000008ae00000, 0x000000008ae00000| Untracked 
| 175|0x000000008af00000, 0x000000008af00000, 0x000000008b000000|  0%| F|  |TAMS 0x000000008af00000, 0x000000008af00000| Untracked 
| 176|0x000000008b000000, 0x000000008b000000, 0x000000008b100000|  0%| F|  |TAMS 0x000000008b000000, 0x000000008b000000| Untracked 
| 177|0x000000008b100000, 0x000000008b100000, 0x000000008b200000|  0%| F|  |TAMS 0x000000008b100000, 0x000000008b100000| Untracked 
| 178|0x000000008b200000, 0x000000008b200000, 0x000000008b300000|  0%| F|  |TAMS 0x000000008b200000, 0x000000008b200000| Untracked 
| 179|0x000000008b300000, 0x000000008b300000, 0x000000008b400000|  0%| F|  |TAMS 0x000000008b300000, 0x000000008b300000| Untracked 
| 180|0x000000008b400000, 0x000000008b400000, 0x000000008b500000|  0%| F|  |TAMS 0x000000008b400000, 0x000000008b400000| Untracked 
| 181|0x000000008b500000, 0x000000008b500000, 0x000000008b600000|  0%| F|  |TAMS 0x000000008b500000, 0x000000008b500000| Untracked 
| 182|0x000000008b600000, 0x000000008b600000, 0x000000008b700000|  0%| F|  |TAMS 0x000000008b600000, 0x000000008b600000| Untracked 
| 183|0x000000008b700000, 0x000000008b700000, 0x000000008b800000|  0%| F|  |TAMS 0x000000008b700000, 0x000000008b700000| Untracked 
| 184|0x000000008b800000, 0x000000008b800000, 0x000000008b900000|  0%| F|  |TAMS 0x000000008b800000, 0x000000008b800000| Untracked 
| 185|0x000000008b900000, 0x000000008b900000, 0x000000008ba00000|  0%| F|  |TAMS 0x000000008b900000, 0x000000008b900000| Untracked 
| 186|0x000000008ba00000, 0x000000008ba00000, 0x000000008bb00000|  0%| F|  |TAMS 0x000000008ba00000, 0x000000008ba00000| Untracked 
| 187|0x000000008bb00000, 0x000000008bb00000, 0x000000008bc00000|  0%| F|  |TAMS 0x000000008bb00000, 0x000000008bb00000| Untracked 
| 188|0x000000008bc00000, 0x000000008bc00000, 0x000000008bd00000|  0%| F|  |TAMS 0x000000008bc00000, 0x000000008bc00000| Untracked 
| 189|0x000000008bd00000, 0x000000008bd00000, 0x000000008be00000|  0%| F|  |TAMS 0x000000008bd00000, 0x000000008bd00000| Untracked 
| 190|0x000000008be00000, 0x000000008be00000, 0x000000008bf00000|  0%| F|  |TAMS 0x000000008be00000, 0x000000008be00000| Untracked 
| 191|0x000000008bf00000, 0x000000008bf00000, 0x000000008c000000|  0%| F|  |TAMS 0x000000008bf00000, 0x000000008bf00000| Untracked 
| 192|0x000000008c000000, 0x000000008c000000, 0x000000008c100000|  0%| F|  |TAMS 0x000000008c000000, 0x000000008c000000| Untracked 
| 193|0x000000008c100000, 0x000000008c100000, 0x000000008c200000|  0%| F|  |TAMS 0x000000008c100000, 0x000000008c100000| Untracked 
| 194|0x000000008c200000, 0x000000008c200000, 0x000000008c300000|  0%| F|  |TAMS 0x000000008c200000, 0x000000008c200000| Untracked 
| 195|0x000000008c300000, 0x000000008c300000, 0x000000008c400000|  0%| F|  |TAMS 0x000000008c300000, 0x000000008c300000| Untracked 
| 196|0x000000008c400000, 0x000000008c400000, 0x000000008c500000|  0%| F|  |TAMS 0x000000008c400000, 0x000000008c400000| Untracked 
| 197|0x000000008c500000, 0x000000008c500000, 0x000000008c600000|  0%| F|  |TAMS 0x000000008c500000, 0x000000008c500000| Untracked 
| 198|0x000000008c600000, 0x000000008c600000, 0x000000008c700000|  0%| F|  |TAMS 0x000000008c600000, 0x000000008c600000| Untracked 
| 199|0x000000008c700000, 0x000000008c700000, 0x000000008c800000|  0%| F|  |TAMS 0x000000008c700000, 0x000000008c700000| Untracked 
| 200|0x000000008c800000, 0x000000008c800000, 0x000000008c900000|  0%| F|  |TAMS 0x000000008c800000, 0x000000008c800000| Untracked 
| 201|0x000000008c900000, 0x000000008c900000, 0x000000008ca00000|  0%| F|  |TAMS 0x000000008c900000, 0x000000008c900000| Untracked 
| 202|0x000000008ca00000, 0x000000008ca00000, 0x000000008cb00000|  0%| F|  |TAMS 0x000000008ca00000, 0x000000008ca00000| Untracked 
| 203|0x000000008cb00000, 0x000000008cb00000, 0x000000008cc00000|  0%| F|  |TAMS 0x000000008cb00000, 0x000000008cb00000| Untracked 
| 204|0x000000008cc00000, 0x000000008cc00000, 0x000000008cd00000|  0%| F|  |TAMS 0x000000008cc00000, 0x000000008cc00000| Untracked 
| 205|0x000000008cd00000, 0x000000008cd00000, 0x000000008ce00000|  0%| F|  |TAMS 0x000000008cd00000, 0x000000008cd00000| Untracked 
| 206|0x000000008ce00000, 0x000000008ce00000, 0x000000008cf00000|  0%| F|  |TAMS 0x000000008ce00000, 0x000000008ce00000| Untracked 
| 207|0x000000008cf00000, 0x000000008cf00000, 0x000000008d000000|  0%| F|  |TAMS 0x000000008cf00000, 0x000000008cf00000| Untracked 
| 208|0x000000008d000000, 0x000000008d000000, 0x000000008d100000|  0%| F|  |TAMS 0x000000008d000000, 0x000000008d000000| Untracked 
| 209|0x000000008d100000, 0x000000008d100000, 0x000000008d200000|  0%| F|  |TAMS 0x000000008d100000, 0x000000008d100000| Untracked 
| 210|0x000000008d200000, 0x000000008d200000, 0x000000008d300000|  0%| F|  |TAMS 0x000000008d200000, 0x000000008d200000| Untracked 
| 211|0x000000008d300000, 0x000000008d300000, 0x000000008d400000|  0%| F|  |TAMS 0x000000008d300000, 0x000000008d300000| Untracked 
| 212|0x000000008d400000, 0x000000008d400000, 0x000000008d500000|  0%| F|  |TAMS 0x000000008d400000, 0x000000008d400000| Untracked 
| 213|0x000000008d500000, 0x000000008d500000, 0x000000008d600000|  0%| F|  |TAMS 0x000000008d500000, 0x000000008d500000| Untracked 
| 214|0x000000008d600000, 0x000000008d600000, 0x000000008d700000|  0%| F|  |TAMS 0x000000008d600000, 0x000000008d600000| Untracked 
| 215|0x000000008d700000, 0x000000008d700000, 0x000000008d800000|  0%| F|  |TAMS 0x000000008d700000, 0x000000008d700000| Untracked 
| 216|0x000000008d800000, 0x000000008d800000, 0x000000008d900000|  0%| F|  |TAMS 0x000000008d800000, 0x000000008d800000| Untracked 
| 217|0x000000008d900000, 0x000000008d900000, 0x000000008da00000|  0%| F|  |TAMS 0x000000008d900000, 0x000000008d900000| Untracked 
| 218|0x000000008da00000, 0x000000008da00000, 0x000000008db00000|  0%| F|  |TAMS 0x000000008da00000, 0x000000008da00000| Untracked 
| 219|0x000000008db00000, 0x000000008db00000, 0x000000008dc00000|  0%| F|  |TAMS 0x000000008db00000, 0x000000008db00000| Untracked 
| 220|0x000000008dc00000, 0x000000008dc00000, 0x000000008dd00000|  0%| F|  |TAMS 0x000000008dc00000, 0x000000008dc00000| Untracked 
| 221|0x000000008dd00000, 0x000000008dd00000, 0x000000008de00000|  0%| F|  |TAMS 0x000000008dd00000, 0x000000008dd00000| Untracked 
| 222|0x000000008de00000, 0x000000008de00000, 0x000000008df00000|  0%| F|  |TAMS 0x000000008de00000, 0x000000008de00000| Untracked 
| 223|0x000000008df00000, 0x000000008df00000, 0x000000008e000000|  0%| F|  |TAMS 0x000000008df00000, 0x000000008df00000| Untracked 
| 224|0x000000008e000000, 0x000000008e000000, 0x000000008e100000|  0%| F|  |TAMS 0x000000008e000000, 0x000000008e000000| Untracked 
| 225|0x000000008e100000, 0x000000008e100000, 0x000000008e200000|  0%| F|  |TAMS 0x000000008e100000, 0x000000008e100000| Untracked 
| 226|0x000000008e200000, 0x000000008e200000, 0x000000008e300000|  0%| F|  |TAMS 0x000000008e200000, 0x000000008e200000| Untracked 
| 227|0x000000008e300000, 0x000000008e300000, 0x000000008e400000|  0%| F|  |TAMS 0x000000008e300000, 0x000000008e300000| Untracked 
| 228|0x000000008e400000, 0x000000008e400000, 0x000000008e500000|  0%| F|  |TAMS 0x000000008e400000, 0x000000008e400000| Untracked 
| 229|0x000000008e500000, 0x000000008e500000, 0x000000008e600000|  0%| F|  |TAMS 0x000000008e500000, 0x000000008e500000| Untracked 
| 230|0x000000008e600000, 0x000000008e600000, 0x000000008e700000|  0%| F|  |TAMS 0x000000008e600000, 0x000000008e600000| Untracked 
| 231|0x000000008e700000, 0x000000008e700000, 0x000000008e800000|  0%| F|  |TAMS 0x000000008e700000, 0x000000008e700000| Untracked 
| 232|0x000000008e800000, 0x000000008e800000, 0x000000008e900000|  0%| F|  |TAMS 0x000000008e800000, 0x000000008e800000| Untracked 
| 233|0x000000008e900000, 0x000000008e900000, 0x000000008ea00000|  0%| F|  |TAMS 0x000000008e900000, 0x000000008e900000| Untracked 

Card table byte_map: [0x000001ecb9ab0000,0x000001ecb9eb0000] _byte_map_base: 0x000001ecb96b0000

Marking Bits (Prev, Next): (CMBitMap*) 0x000001eca6be3598, (CMBitMap*) 0x000001eca6be35d0
 Prev Bits: [0x000001ecba2b0000, 0x000001ecbc2b0000)
 Next Bits: [0x000001ecbc2b0000, 0x000001ecbe2b0000)

Polling page: 0x000001eca49c0000

Metaspace:

Usage:
  Non-class:    107.95 MB capacity,   106.06 MB ( 98%) used,     1.50 MB (  1%) free+waste,   398.31 KB ( <1%) overhead. 
      Class:     16.17 MB capacity,    15.02 MB ( 93%) used,  1008.56 KB (  6%) free+waste,   172.63 KB (  1%) overhead. 
       Both:    124.12 MB capacity,   121.07 MB ( 98%) used,     2.49 MB (  2%) free+waste,   570.94 KB ( <1%) overhead. 

Virtual space:
  Non-class space:      110.00 MB reserved,     108.08 MB ( 98%) committed 
      Class space:        1.00 GB reserved,      16.38 MB (  2%) committed 
             Both:        1.11 GB reserved,     124.45 MB ( 11%) committed 

Chunk freelists:
   Non-Class:  3.00 KB
       Class:  147.00 KB
        Both:  150.00 KB

MaxMetaspaceSize: 17179869184.00 GB
CompressedClassSpaceSize: 1.00 GB
Initial GC threshold: 20.80 MB
Current GC threshold: 206.17 MB
CDS: off

CodeHeap 'non-profiled nmethods': size=120064Kb used=9488Kb max_used=9764Kb free=110575Kb
 bounds [0x000001ecb2170000, 0x000001ecb2b00000, 0x000001ecb96b0000]
CodeHeap 'profiled nmethods': size=120000Kb used=44251Kb max_used=44251Kb free=75748Kb
 bounds [0x000001ecaac40000, 0x000001ecad780000, 0x000001ecb2170000]
CodeHeap 'non-nmethods': size=5696Kb used=2435Kb max_used=2476Kb free=3261Kb
 bounds [0x000001ecaa6b0000, 0x000001ecaa930000, 0x000001ecaac40000]
 total_blobs=19516 nmethods=18557 adapters=869
 compilation: enabled
              stopped_count=0, restarted_count=0
 full_count=0

Compilation events (20 events):
Event: 74.902 Thread 0x000001ecc1030000 nmethod 19832 0x000001ecaad1a110 code [0x000001ecaad1a2c0, 0x000001ecaad1a3b8]
Event: 74.903 Thread 0x000001ecc1030000 19833       3       com.android.tools.r8.graph.z::a (175 bytes)
Event: 74.907 Thread 0x000001ecc1030000 nmethod 19833 0x000001ecaad16210 code [0x000001ecaad166e0, 0x000001ecaad18fc8]
Event: 74.909 Thread 0x000001ecc1030000 19834       2       com.android.tools.r8.internal.F2$$Lambda$1892/0x0000000100fed440::get$Lambda (9 bytes)
Event: 74.910 Thread 0x000001ecc1030000 nmethod 19834 0x000001ecaad15e10 code [0x000001ecaad15fc0, 0x000001ecaad16138]
Event: 74.910 Thread 0x000001ecc1030000 19835       2       com.android.tools.r8.internal.F2$$Lambda$1892/0x0000000100fed440::<init> (10 bytes)
Event: 74.910 Thread 0x000001ecc1030000 nmethod 19835 0x000001ecaad15a90 code [0x000001ecaad15c40, 0x000001ecaad15d78]
Event: 74.910 Thread 0x000001ecc1030000 19836       2       com.android.tools.r8.graph.V1::c (45 bytes)
Event: 74.911 Thread 0x000001ecc1030000 nmethod 19836 0x000001ecaad15410 code [0x000001ecaad15600, 0x000001ecaad158d8]
Event: 74.912 Thread 0x000001ecc1030000 19837       2       com.android.tools.r8.graph.V1::b (45 bytes)
Event: 74.913 Thread 0x000001ecc1030000 nmethod 19837 0x000001ecaad14e10 code [0x000001ecaad15000, 0x000001ecaad15288]
Event: 74.913 Thread 0x000001ecc1030000 19838       2       com.android.tools.r8.naming.O::a (5 bytes)
Event: 74.913 Thread 0x000001ecc1030000 nmethod 19838 0x000001ecaad14a90 code [0x000001ecaad14c40, 0x000001ecaad14d38]
Event: 74.913 Thread 0x000001ecc1030000 19839       2       com.android.tools.r8.graph.V1::<init> (27 bytes)
Event: 74.914 Thread 0x000001ecc1030000 nmethod 19839 0x000001ecaad06790 code [0x000001ecaad06960, 0x000001ecaad06c08]
Event: 74.914 Thread 0x000001ecc1030000 19840       2       com.android.tools.r8.graph.V1::toString (8 bytes)
Event: 74.914 Thread 0x000001ecc1030000 nmethod 19840 0x000001ecaad06210 code [0x000001ecaad063e0, 0x000001ecaad06638]
Event: 74.925 Thread 0x000001ecc1030000 19841   !   2       org.gradle.internal.concurrent.ExecutorPolicy$CatchAndRecordFailures::onExecute (29 bytes)
Event: 74.928 Thread 0x000001ecc1030000 nmethod 19841 0x000001ecaad04e10 code [0x000001ecaad050e0, 0x000001ecaad05ba8]
Event: 74.963 Thread 0x000001ecc1030000 19842       2       com.android.tools.r8.internal.n30$$Lambda$1906/0x0000000100fe9c40::accept (20 bytes)

GC Heap History (20 events):
Event: 66.782 GC heap after
{Heap after GC invocations=34 (full 0):
 garbage-first heap   total 239616K, used 124048K [0x0000000080000000, 0x0000000100000000)
  region size 1024K, 9 young (9216K), 9 survivors (9216K)
 Metaspace       used 119669K, capacity 122622K, committed 122960K, reserved 1157120K
  class space    used 15100K, capacity 16292K, committed 16384K, reserved 1048576K
}
Event: 68.608 GC heap before
{Heap before GC invocations=35 (full 0):
 garbage-first heap   total 239616K, used 187536K [0x0000000080000000, 0x0000000100000000)
  region size 1024K, 71 young (72704K), 9 survivors (9216K)
 Metaspace       used 121424K, capacity 124449K, committed 124624K, reserved 1157120K
  class space    used 15216K, capacity 16411K, committed 16512K, reserved 1048576K
}
Event: 68.645 GC heap after
{Heap after GC invocations=36 (full 0):
 garbage-first heap   total 239616K, used 127439K [0x0000000080000000, 0x0000000100000000)
  region size 1024K, 4 young (4096K), 4 survivors (4096K)
 Metaspace       used 121424K, capacity 124449K, committed 124624K, reserved 1157120K
  class space    used 15216K, capacity 16411K, committed 16512K, reserved 1048576K
}
Event: 68.716 GC heap before
{Heap before GC invocations=36 (full 0):
 garbage-first heap   total 239616K, used 133583K [0x0000000080000000, 0x0000000100000000)
  region size 1024K, 11 young (11264K), 4 survivors (4096K)
 Metaspace       used 121566K, capacity 124568K, committed 124880K, reserved 1157120K
  class space    used 15225K, capacity 16428K, committed 16512K, reserved 1048576K
}
Event: 68.739 GC heap after
{Heap after GC invocations=37 (full 0):
 garbage-first heap   total 239616K, used 127169K [0x0000000080000000, 0x0000000100000000)
  region size 1024K, 2 young (2048K), 2 survivors (2048K)
 Metaspace       used 121566K, capacity 124568K, committed 124880K, reserved 1157120K
  class space    used 15225K, capacity 16428K, committed 16512K, reserved 1048576K
}
Event: 70.120 GC heap before
{Heap before GC invocations=37 (full 0):
 garbage-first heap   total 239616K, used 190657K [0x0000000080000000, 0x0000000100000000)
  region size 1024K, 65 young (66560K), 2 survivors (2048K)
 Metaspace       used 123107K, capacity 126259K, committed 126416K, reserved 1159168K
  class space    used 15415K, capacity 16668K, committed 16768K, reserved 1048576K
}
Event: 70.134 GC heap after
{Heap after GC invocations=38 (full 0):
 garbage-first heap   total 239616K, used 128720K [0x0000000080000000, 0x0000000100000000)
  region size 1024K, 3 young (3072K), 3 survivors (3072K)
 Metaspace       used 123107K, capacity 126259K, committed 126416K, reserved 1159168K
  class space    used 15415K, capacity 16668K, committed 16768K, reserved 1048576K
}
Event: 71.545 GC heap before
{Heap before GC invocations=39 (full 0):
 garbage-first heap   total 239616K, used 194256K [0x0000000080000000, 0x0000000100000000)
  region size 1024K, 67 young (68608K), 3 survivors (3072K)
 Metaspace       used 122863K, capacity 125813K, committed 126672K, reserved 1159168K
  class space    used 15263K, capacity 16400K, committed 16768K, reserved 1048576K
}
Event: 71.564 GC heap after
{Heap after GC invocations=40 (full 0):
 garbage-first heap   total 239616K, used 130048K [0x0000000080000000, 0x0000000100000000)
  region size 1024K, 4 young (4096K), 4 survivors (4096K)
 Metaspace       used 122863K, capacity 125813K, committed 126672K, reserved 1159168K
  class space    used 15263K, capacity 16400K, committed 16768K, reserved 1048576K
}
Event: 71.715 GC heap before
{Heap before GC invocations=40 (full 0):
 garbage-first heap   total 239616K, used 137216K [0x0000000080000000, 0x0000000100000000)
  region size 1024K, 11 young (11264K), 4 survivors (4096K)
 Metaspace       used 122877K, capacity 125819K, committed 126672K, reserved 1159168K
  class space    used 15264K, capacity 16402K, committed 16768K, reserved 1048576K
}
Event: 71.731 GC heap after
{Heap after GC invocations=41 (full 0):
 garbage-first heap   total 239616K, used 129856K [0x0000000080000000, 0x0000000100000000)
  region size 1024K, 1 young (1024K), 1 survivors (1024K)
 Metaspace       used 122877K, capacity 125819K, committed 126672K, reserved 1159168K
  class space    used 15264K, capacity 16402K, committed 16768K, reserved 1048576K
}
Event: 72.443 GC heap before
{Heap before GC invocations=41 (full 0):
 garbage-first heap   total 239616K, used 196416K [0x0000000080000000, 0x0000000100000000)
  region size 1024K, 66 young (67584K), 1 survivors (1024K)
 Metaspace       used 122973K, capacity 125899K, committed 126672K, reserved 1159168K
  class space    used 15268K, capacity 16405K, committed 16768K, reserved 1048576K
}
Event: 72.460 GC heap after
{Heap after GC invocations=42 (full 0):
 garbage-first heap   total 239616K, used 133057K [0x0000000080000000, 0x0000000100000000)
  region size 1024K, 5 young (5120K), 5 survivors (5120K)
 Metaspace       used 122973K, capacity 125899K, committed 126672K, reserved 1159168K
  class space    used 15268K, capacity 16405K, committed 16768K, reserved 1048576K
}
Event: 73.195 GC heap before
{Heap before GC invocations=42 (full 0):
 garbage-first heap   total 239616K, used 197569K [0x0000000080000000, 0x0000000100000000)
  region size 1024K, 69 young (70656K), 5 survivors (5120K)
 Metaspace       used 123271K, capacity 126199K, committed 126928K, reserved 1159168K
  class space    used 15296K, capacity 16431K, committed 16768K, reserved 1048576K
}
Event: 73.210 GC heap after
{Heap after GC invocations=43 (full 0):
 garbage-first heap   total 239616K, used 134916K [0x0000000080000000, 0x0000000100000000)
  region size 1024K, 6 young (6144K), 6 survivors (6144K)
 Metaspace       used 123271K, capacity 126199K, committed 126928K, reserved 1159168K
  class space    used 15296K, capacity 16431K, committed 16768K, reserved 1048576K
}
Event: 73.856 GC heap before
{Heap before GC invocations=43 (full 0):
 garbage-first heap   total 239616K, used 200452K [0x0000000080000000, 0x0000000100000000)
  region size 1024K, 70 young (71680K), 6 survivors (6144K)
 Metaspace       used 123779K, capacity 126852K, committed 127184K, reserved 1159168K
  class space    used 15372K, capacity 16552K, committed 16768K, reserved 1048576K
}
Event: 73.869 GC heap after
{Heap after GC invocations=44 (full 0):
 garbage-first heap   total 239616K, used 134451K [0x0000000080000000, 0x0000000100000000)
  region size 1024K, 4 young (4096K), 4 survivors (4096K)
 Metaspace       used 123779K, capacity 126852K, committed 127184K, reserved 1159168K
  class space    used 15372K, capacity 16552K, committed 16768K, reserved 1048576K
}
Event: 74.249 GC heap before
{Heap before GC invocations=44 (full 0):
 garbage-first heap   total 239616K, used 199987K [0x0000000080000000, 0x0000000100000000)
  region size 1024K, 68 young (69632K), 4 survivors (4096K)
 Metaspace       used 123891K, capacity 127012K, committed 127440K, reserved 1161216K
  class space    used 15375K, capacity 16557K, committed 16768K, reserved 1048576K
}
Event: 74.266 GC heap after
{Heap after GC invocations=45 (full 0):
 garbage-first heap   total 239616K, used 137744K [0x0000000080000000, 0x0000000100000000)
  region size 1024K, 7 young (7168K), 7 survivors (7168K)
 Metaspace       used 123891K, capacity 127012K, committed 127440K, reserved 1161216K
  class space    used 15375K, capacity 16557K, committed 16768K, reserved 1048576K
}
Event: 74.964 GC heap before
{Heap before GC invocations=45 (full 0):
 garbage-first heap   total 239616K, used 201232K [0x0000000080000000, 0x0000000100000000)
  region size 1024K, 69 young (70656K), 7 survivors (7168K)
 Metaspace       used 123979K, capacity 127098K, committed 127440K, reserved 1161216K
  class space    used 15375K, capacity 16557K, committed 16768K, reserved 1048576K
}

Deoptimization events (20 events):
Event: 74.176 Thread 0x000001ecc6ea1000 DEOPT PACKING pc=0x000001ecad3cac72 sp=0x0000003d920f9680
Event: 74.176 Thread 0x000001ecc6ea1000 DEOPT UNPACKING pc=0x000001ecaa6f9d0e sp=0x0000003d920f8c70 mode 0
Event: 74.202 Thread 0x000001ecc4935000 DEOPT PACKING pc=0x000001ecacc96823 sp=0x0000003d8fff9190
Event: 74.202 Thread 0x000001ecc4935000 DEOPT UNPACKING pc=0x000001ecaa6f9d0e sp=0x0000003d8fff86b0 mode 0
Event: 74.213 Thread 0x000001ecc6ea3800 DEOPT PACKING pc=0x000001ecacb8d4dc sp=0x0000003d929f9850
Event: 74.213 Thread 0x000001ecc6ea3800 DEOPT UNPACKING pc=0x000001ecaa6f9d0e sp=0x0000003d929f8cc8 mode 0
Event: 74.213 Thread 0x000001ecc6ea3800 DEOPT PACKING pc=0x000001ecac8faa24 sp=0x0000003d929f9d40
Event: 74.213 Thread 0x000001ecc6ea3800 DEOPT UNPACKING pc=0x000001ecaa6f9d0e sp=0x0000003d929f9300 mode 0
Event: 74.524 Thread 0x000001ecc4936800 DEOPT PACKING pc=0x000001ecad5d9ae9 sp=0x0000003d900f92c0
Event: 74.524 Thread 0x000001ecc4936800 DEOPT UNPACKING pc=0x000001ecaa6f9d0e sp=0x0000003d900f8828 mode 0
Event: 74.621 Thread 0x000001ecc4936800 Uncommon trap: trap_request=0xffffffe4 fr.pc=0x000001ecb2355ff0 relative=0x00000000000002b0
Event: 74.621 Thread 0x000001ecc4936800 Uncommon trap: reason=range_check action=make_not_entrant pc=0x000001ecb2355ff0 method=com.android.tools.r8.graph.a1.a(Lcom/android/tools/r8/graph/a1;)I @ 26 c2
Event: 74.621 Thread 0x000001ecc4936800 DEOPT PACKING pc=0x000001ecb2355ff0 sp=0x0000003d900fa850
Event: 74.621 Thread 0x000001ecc4936800 DEOPT UNPACKING pc=0x000001ecaa6b85af sp=0x0000003d900fa7c0 mode 2
Event: 74.677 Thread 0x000001ecc4936800 DEOPT PACKING pc=0x000001ecad4d3c27 sp=0x0000003d900fa3e0
Event: 74.678 Thread 0x000001ecc4936800 DEOPT UNPACKING pc=0x000001ecaa6f9d0e sp=0x0000003d900f98d0 mode 0
Event: 74.686 Thread 0x000001ecc4936800 DEOPT PACKING pc=0x000001ecaace7638 sp=0x0000003d900f9fd0
Event: 74.686 Thread 0x000001ecc4936800 DEOPT UNPACKING pc=0x000001ecaa6f9d0e sp=0x0000003d900f9488 mode 0
Event: 74.904 Thread 0x000001ecc6ea1000 DEOPT PACKING pc=0x000001ecaaccc405 sp=0x0000003d920fac50
Event: 74.905 Thread 0x000001ecc6ea1000 DEOPT UNPACKING pc=0x000001ecaa6f9d0e sp=0x0000003d920fa208 mode 0

Classes redefined (0 events):
No events

Internal exceptions (20 events):
Event: 66.100 Thread 0x000001ecc6ea3800 Exception <a 'java/lang/NoSuchMethodError'{0x000000008b671298}: 'java.lang.Object java.lang.invoke.DirectMethodHandle$Holder.invokeInterface(java.lang.Object, java.lang.Object, int)'> (0x000000008b671298) thrown at [./src/hotspot/share/interpreter/linkResolver.cpp, line 773]
Event: 68.647 Thread 0x000001ecc4936800 Exception <a 'java/lang/NoSuchMethodError'{0x000000008e903f10}: 'java.lang.Object java.lang.invoke.Invokers$Holder.linkToTargetMethod(java.lang.Object, int, java.lang.Object, java.lang.Object, java.lang.Object, java.lang.Object)'> (0x000000008e903f10) thrown at [./src/hotspot/share/interpreter/linkResolver.cpp, line 773]
Event: 68.665 Thread 0x000001ecc4936800 Exception <a 'java/lang/NoSuchMethodError'{0x000000008e7c0220}: 'void java.lang.invoke.DirectMethodHandle$Holder.invokeStatic(java.lang.Object, java.lang.Object, java.lang.Object, java.lang.Object, java.lang.Object, java.lang.Object, java.lang.Object, java.lang.Object)'> (0x000000008e7c0220) thrown at [./src/hotspot/share/interpreter/linkResolver.cpp, line 773]
Event: 69.448 Thread 0x000001ecc4936800 Exception <a 'java/lang/IncompatibleClassChangeError'{0x000000008d20a3e0}: Found class java.lang.Object, but interface was expected> (0x000000008d20a3e0) thrown at [./src/hotspot/share/interpreter/linkResolver.cpp, line 839]
Event: 69.691 Thread 0x000001ecc6ea3800 Exception <a 'java/lang/NoSuchMethodError'{0x000000008c3a1510}: 'java.lang.Object java.lang.invoke.DirectMethodHandle$Holder.invokeSpecial(java.lang.Object, java.lang.Object, java.lang.Object, java.lang.Object, java.lang.Object, java.lang.Object, java.lang.Object, java.lang.Object, java.lang.Object, java.lang.Object, java.lang.Object)'> (0x000000008c3a1510) thrown at [./src/hotspot/share/interpreter/linkResolver.cpp, line 773]
Event: 69.693 Thread 0x000001ecc6ea3800 Exception <a 'java/lang/NoSuchMethodError'{0x000000008c134760}: 'java.lang.Object java.lang.invoke.Invokers$Holder.linkToTargetMethod(java.lang.Object, java.lang.Object, java.lang.Object, java.lang.Object, java.lang.Object, java.lang.Object, java.lang.Object, java.lang.Object, java.lang.Object, java.lang.Object)'> (0x000000008c134760) thrown at [./src/hotspot/share/interpreter/linkResolver.cpp, line 773]
Event: 69.697 Thread 0x000001ecc4936800 Exception <a 'java/lang/NoSuchMethodError'{0x000000008c119518}: 'void java.lang.invoke.DirectMethodHandle$Holder.invokeSpecial(java.lang.Object, java.lang.Object, int)'> (0x000000008c119518) thrown at [./src/hotspot/share/interpreter/linkResolver.cpp, line 773]
Event: 69.718 Thread 0x000001ecc6ea3800 Exception <a 'java/lang/IncompatibleClassChangeError'{0x000000008c1b4330}: Found class java.lang.Object, but interface was expected> (0x000000008c1b4330) thrown at [./src/hotspot/share/interpreter/linkResolver.cpp, line 839]
Event: 69.868 Thread 0x000001ecc6ea3800 Exception <a 'java/lang/NoSuchMethodError'{0x000000008b854a40}: 'java.lang.Object java.lang.invoke.DirectMethodHandle$Holder.invokeStatic(java.lang.Object, long)'> (0x000000008b854a40) thrown at [./src/hotspot/share/interpreter/linkResolver.cpp, line 773]
Event: 69.872 Thread 0x000001ecc6ea3800 Exception <a 'java/lang/NoSuchMethodError'{0x000000008b85bdb0}: 'java.lang.Object java.lang.invoke.Invokers$Holder.linkToTargetMethod(long, java.lang.Object)'> (0x000000008b85bdb0) thrown at [./src/hotspot/share/interpreter/linkResolver.cpp, line 773]
Event: 69.909 Thread 0x000001ecc4936800 Exception <a 'sun/nio/fs/WindowsException'{0x000000008b7533c0}> (0x000000008b7533c0) thrown at [./src/hotspot/share/prims/jni.cpp, line 616]
Event: 72.020 Thread 0x000001ecc4936800 Exception <a 'sun/nio/fs/WindowsException'{0x000000008ce8d6f0}> (0x000000008ce8d6f0) thrown at [./src/hotspot/share/prims/jni.cpp, line 616]
Event: 73.151 Thread 0x000001ecc4936800 Exception <a 'sun/nio/fs/WindowsException'{0x000000008b6a4f78}> (0x000000008b6a4f78) thrown at [./src/hotspot/share/prims/jni.cpp, line 616]
Event: 73.273 Thread 0x000001ecc4935000 Exception <a 'sun/nio/fs/WindowsException'{0x000000008e78fd48}> (0x000000008e78fd48) thrown at [./src/hotspot/share/prims/jni.cpp, line 616]
Event: 73.656 Thread 0x000001ecc6ea3800 Implicit null exception at 0x000001ecb29d54ef to 0x000001ecb29d562c
Event: 73.816 Thread 0x000001ecc4936800 Exception <a 'sun/nio/fs/WindowsException'{0x000000008ac2e720}> (0x000000008ac2e720) thrown at [./src/hotspot/share/prims/jni.cpp, line 616]
Event: 73.970 Thread 0x000001ecc6ea3800 Exception <a 'sun/nio/fs/WindowsException'{0x000000008dc2bfe0}> (0x000000008dc2bfe0) thrown at [./src/hotspot/share/prims/jni.cpp, line 616]
Event: 74.051 Thread 0x000001ecc4935000 Exception <a 'sun/nio/fs/WindowsException'{0x000000008cc302e0}> (0x000000008cc302e0) thrown at [./src/hotspot/share/prims/jni.cpp, line 616]
Event: 74.701 Thread 0x000001ecc4936800 Exception <a 'sun/nio/fs/WindowsException'{0x000000008b341c70}> (0x000000008b341c70) thrown at [./src/hotspot/share/prims/jni.cpp, line 616]
Event: 74.740 Thread 0x000001ecc4935000 Exception <a 'sun/nio/fs/WindowsException'{0x000000008b39d560}> (0x000000008b39d560) thrown at [./src/hotspot/share/prims/jni.cpp, line 616]

Events (20 events):
Event: 74.769 Executing VM operation: RevokeBias done
Event: 74.770 Executing VM operation: RevokeBias
Event: 74.771 Executing VM operation: RevokeBias done
Event: 74.771 Executing VM operation: RevokeBias
Event: 74.772 Executing VM operation: RevokeBias done
Event: 74.773 Executing VM operation: RevokeBias
Event: 74.773 Executing VM operation: RevokeBias done
Event: 74.773 Executing VM operation: RevokeBias
Event: 74.773 Executing VM operation: RevokeBias done
Event: 74.773 Executing VM operation: RevokeBias
Event: 74.774 Executing VM operation: RevokeBias done
Event: 74.774 Executing VM operation: RevokeBias
Event: 74.774 Executing VM operation: RevokeBias done
Event: 74.774 Executing VM operation: RevokeBias
Event: 74.775 Executing VM operation: RevokeBias done
Event: 74.775 Executing VM operation: RevokeBias
Event: 74.775 Executing VM operation: RevokeBias done
Event: 74.775 Executing VM operation: RevokeBias
Event: 74.776 Executing VM operation: RevokeBias done
Event: 74.964 Executing VM operation: G1CollectForAllocation


Dynamic libraries:
0x00007ff70af00000 - 0x00007ff70af0a000 	C:\Program Files\Android\Android Studio\jre\bin\java.exe
0x00007fff9b4d0000 - 0x00007fff9b6be000 	C:\Windows\SYSTEM32\ntdll.dll
0x00007fff9a6f0000 - 0x00007fff9a7a3000 	C:\Windows\System32\KERNEL32.DLL
0x00007fff980e0000 - 0x00007fff9837a000 	C:\Windows\System32\KERNELBASE.dll
0x00007fff97fe0000 - 0x00007fff980da000 	C:\Windows\System32\ucrtbase.dll
0x00007fff76ea0000 - 0x00007fff76eb7000 	C:\Program Files\Android\Android Studio\jre\bin\VCRUNTIME140.dll
0x00007fff76480000 - 0x00007fff76499000 	C:\Program Files\Android\Android Studio\jre\bin\jli.dll
0x00007fff98a30000 - 0x00007fff98bc7000 	C:\Windows\System32\USER32.dll
0x00007fff98380000 - 0x00007fff983a0000 	C:\Windows\System32\win32u.dll
0x00007fff98ea0000 - 0x00007fff98ec9000 	C:\Windows\System32\GDI32.dll
0x00007fff82400000 - 0x00007fff82679000 	C:\Windows\WinSxS\amd64_microsoft.windows.common-controls_6595b64144ccf1df_6.0.17763.3165_none_de7375f653495041\COMCTL32.dll
0x00007fff983a0000 - 0x00007fff9853c000 	C:\Windows\System32\gdi32full.dll
0x00007fff97f40000 - 0x00007fff97fe0000 	C:\Windows\System32\msvcp_win.dll
0x00007fff9b210000 - 0x00007fff9b2ae000 	C:\Windows\System32\msvcrt.dll
0x00007fff98700000 - 0x00007fff98a2b000 	C:\Windows\System32\combase.dll
0x00007fff9b380000 - 0x00007fff9b49d000 	C:\Windows\System32\RPCRT4.dll
0x00007fff985c0000 - 0x00007fff98642000 	C:\Windows\System32\bcryptPrimitives.dll
0x00007fff9aa90000 - 0x00007fff9aabe000 	C:\Windows\System32\IMM32.DLL
0x00007fff639d0000 - 0x00007fff63a6d000 	C:\Program Files\Android\Android Studio\jre\bin\msvcp140.dll
0x00007fff44e40000 - 0x00007fff45942000 	C:\Program Files\Android\Android Studio\jre\bin\server\jvm.dll
0x00007fff9a980000 - 0x00007fff9aa27000 	C:\Windows\System32\ADVAPI32.dll
0x00007fff99080000 - 0x00007fff9911f000 	C:\Windows\System32\sechost.dll
0x00007fff9b0f0000 - 0x00007fff9b0f8000 	C:\Windows\System32\PSAPI.DLL
0x00007fff7e7e0000 - 0x00007fff7e7e9000 	C:\Windows\SYSTEM32\WSOCK32.dll
0x00007fff8e8b0000 - 0x00007fff8e8ba000 	C:\Windows\SYSTEM32\VERSION.dll
0x00007fff94360000 - 0x00007fff94384000 	C:\Windows\SYSTEM32\WINMM.dll
0x00007fff9a680000 - 0x00007fff9a6ed000 	C:\Windows\System32\WS2_32.dll
0x00007fff94330000 - 0x00007fff9435d000 	C:\Windows\SYSTEM32\winmmbase.dll
0x00007fff98570000 - 0x00007fff985ba000 	C:\Windows\System32\cfgmgr32.dll
0x00007fff974a0000 - 0x00007fff974b1000 	C:\Windows\System32\kernel.appcore.dll
0x00007fff76040000 - 0x00007fff76051000 	C:\Program Files\Android\Android Studio\jre\bin\verify.dll
0x00007fff95b10000 - 0x00007fff95cfd000 	C:\Windows\SYSTEM32\DBGHELP.DLL
0x00007fff8ae40000 - 0x00007fff8ae6a000 	C:\Windows\SYSTEM32\dbgcore.DLL
0x00007fff637d0000 - 0x00007fff637f9000 	C:\Program Files\Android\Android Studio\jre\bin\java.dll
0x00007fff76fb0000 - 0x00007fff76fbb000 	C:\Program Files\Android\Android Studio\jre\bin\jimage.dll
0x00007fff632b0000 - 0x00007fff632c8000 	C:\Program Files\Android\Android Studio\jre\bin\zip.dll
0x00007fff99180000 - 0x00007fff9a678000 	C:\Windows\System32\SHELL32.dll
0x00007fff9afa0000 - 0x00007fff9b047000 	C:\Windows\System32\shcore.dll
0x00007fff975d0000 - 0x00007fff97d17000 	C:\Windows\System32\windows.storage.dll
0x00007fff97540000 - 0x00007fff97563000 	C:\Windows\System32\profapi.dll
0x00007fff974c0000 - 0x00007fff9751d000 	C:\Windows\System32\powrprof.dll
0x00007fff99120000 - 0x00007fff99172000 	C:\Windows\System32\shlwapi.dll
0x00007fff97d20000 - 0x00007fff97d37000 	C:\Windows\System32\cryptsp.dll
0x00007fff63290000 - 0x00007fff632aa000 	C:\Program Files\Android\Android Studio\jre\bin\net.dll
0x00007fff930b0000 - 0x00007fff931a1000 	C:\Windows\SYSTEM32\WINHTTP.dll
0x00007fff96c90000 - 0x00007fff96cf7000 	C:\Windows\system32\mswsock.dll
0x00007fff63270000 - 0x00007fff63284000 	C:\Program Files\Android\Android Studio\jre\bin\nio.dll
0x00007fff76760000 - 0x00007fff76787000 	D:\gradle\native\e1d6ef7f7dcc3fd88c89a11ec53ec762bb8ba0a96d01ffa2cd45eb1d1d8dd5c5\windows-amd64\native-platform.dll
0x00007fff63100000 - 0x00007fff63244000 	D:\gradle\native\0d407fdbe67a94daf76414ababcb853783967236a71b16ec16e742cd7a986fd3\windows-amd64\native-platform-file-events.dll
0x00007fff76e90000 - 0x00007fff76e9a000 	C:\Program Files\Android\Android Studio\jre\bin\management.dll
0x00007fff75d80000 - 0x00007fff75d8d000 	C:\Program Files\Android\Android Studio\jre\bin\management_ext.dll
0x00007fff96810000 - 0x00007fff96843000 	C:\Windows\system32\rsaenh.dll
0x00007fff98540000 - 0x00007fff98566000 	C:\Windows\System32\bcrypt.dll
0x00007fff973d0000 - 0x00007fff973f9000 	C:\Windows\SYSTEM32\USERENV.dll
0x00007fff96e60000 - 0x00007fff96e6c000 	C:\Windows\SYSTEM32\CRYPTBASE.dll
0x00007fff969a0000 - 0x00007fff969dd000 	C:\Windows\SYSTEM32\IPHLPAPI.DLL
0x00007fff9a970000 - 0x00007fff9a978000 	C:\Windows\System32\NSI.dll
0x00007fff943b0000 - 0x00007fff943c6000 	C:\Windows\SYSTEM32\dhcpcsvc6.DLL
0x00007fff94390000 - 0x00007fff943ac000 	C:\Windows\SYSTEM32\dhcpcsvc.DLL
0x00007fff969e0000 - 0x00007fff96aa6000 	C:\Windows\SYSTEM32\DNSAPI.dll
0x00007fff964a0000 - 0x00007fff964d1000 	C:\Windows\SYSTEM32\ntmarta.dll

dbghelp: loaded successfully - version: 4.0.5 - missing functions: none
symbol engine: initialized successfully - sym options: 0x614 - pdb path: .;C:\Program Files\Android\Android Studio\jre\bin;C:\Windows\SYSTEM32;C:\Windows\WinSxS\amd64_microsoft.windows.common-controls_6595b64144ccf1df_6.0.17763.3165_none_de7375f653495041;C:\Program Files\Android\Android Studio\jre\bin\server;D:\gradle\native\e1d6ef7f7dcc3fd88c89a11ec53ec762bb8ba0a96d01ffa2cd45eb1d1d8dd5c5\windows-amd64;D:\gradle\native\0d407fdbe67a94daf76414ababcb853783967236a71b16ec16e742cd7a986fd3\windows-amd64

VM Arguments:
jvm_args: --add-opens=java.base/java.util=ALL-UNNAMED --add-opens=java.base/java.lang=ALL-UNNAMED --add-opens=java.base/java.lang.invoke=ALL-UNNAMED --add-opens=java.base/java.util=ALL-UNNAMED --add-opens=java.prefs/java.util.prefs=ALL-UNNAMED --add-opens=java.prefs/java.util.prefs=ALL-UNNAMED --add-opens=java.base/java.nio.charset=ALL-UNNAMED --add-opens=java.base/java.net=ALL-UNNAMED --add-opens=java.base/java.util.concurrent.atomic=ALL-UNNAMED -Xmx2048m -Dfile.encoding=UTF-8 -Duser.country=CN -Duser.language=zh -Duser.variant 
java_command: org.gradle.launcher.daemon.bootstrap.GradleDaemon 7.4
java_class_path (initial): D:\gradle\wrapper\dists\gradle-7.4-bin\c0gwcg53nkjbqw7r0h0umtfvt\gradle-7.4\lib\gradle-launcher-7.4.jar
Launcher Type: SUN_STANDARD

[Global flags]
     intx CICompilerCount                          = 3                                         {product} {ergonomic}
     uint ConcGCThreads                            = 1                                         {product} {ergonomic}
     uint G1ConcRefinementThreads                  = 4                                         {product} {ergonomic}
   size_t G1HeapRegionSize                         = 1048576                                   {product} {ergonomic}
    uintx GCDrainStackTargetSize                   = 64                                        {product} {ergonomic}
   size_t InitialHeapSize                          = 134217728                                 {product} {ergonomic}
   size_t MarkStackSize                            = 4194304                                   {product} {ergonomic}
   size_t MaxHeapSize                              = 2147483648                                {product} {command line}
   size_t MaxNewSize                               = 1287651328                                {product} {ergonomic}
   size_t MinHeapDeltaBytes                        = 1048576                                   {product} {ergonomic}
    uintx NonNMethodCodeHeapSize                   = 5830732                                {pd product} {ergonomic}
    uintx NonProfiledCodeHeapSize                  = 122913754                              {pd product} {ergonomic}
    uintx ProfiledCodeHeapSize                     = 122913754                              {pd product} {ergonomic}
    uintx ReservedCodeCacheSize                    = 251658240                              {pd product} {ergonomic}
     bool SegmentedCodeCache                       = true                                      {product} {ergonomic}
     bool UseCompressedClassPointers               = true                                 {lp64_product} {ergonomic}
     bool UseCompressedOops                        = true                                 {lp64_product} {ergonomic}
     bool UseG1GC                                  = true                                      {product} {ergonomic}
     bool UseLargePagesIndividualAllocation        = false                                  {pd product} {ergonomic}

Logging:
Log output configuration:
 #0: stdout all=warning uptime,level,tags
 #1: stderr all=off uptime,level,tags

Environment Variables:
JAVA_HOME=C:\Program Files\Java\jdk1.8.0_341
CLASSPATH=.;C:\Program Files\Java\jdk1.8.0_341\bin;C:\Program Files\Java\jdk1.8.0_341\bin\tools.jar
PATH=C:\Program Files\Eclipse Adoptium\jdk-17.0.4.101-hotspot\bin;C:\Program Files (x86)\Common Files\Oracle\Java\javapath;C:\Windows\system32;C:\Windows;C:\Windows\System32\Wbem;C:\Windows\System32\WindowsPowerShell\v1.0\;C:\Windows\System32\OpenSSH\;C:\Windows\System32\WindowsPowerShell\v1.0;C:\Windows\System32\OpenSSH;%JAVA_HOME%\bin;C:\Users\milkp_11844182809043\AppData\Local\Android\Sdk\platform-tools;C:\Program Files\Git\cmd;C:\Program Files\nodejs\;C:\Users\milkp_11844182809043\AppData\Local\Programs\Python\Python310\Scripts\;C:\Users\milkp_11844182809043\AppData\Local\Programs\Python\Python310\;C:\Users\milkp_11844182809043\AppData\Local\Microsoft\WindowsApps;;C:\Users\milkp_11844182809043\AppData\Local\Programs\Microsoft VS Code\bin;C:\Users\milkp_11844182809043\AppData\Roaming\npm
USERNAME=milkp_11844182809043
OS=Windows_NT
PROCESSOR_IDENTIFIER=Intel64 Family 6 Model 85 Stepping 7, GenuineIntel



---------------  S Y S T E M  ---------------

OS: Windows Server 2019 , 64 bit Build 17763 (10.0.17763.2989)
OS uptime: 16 days 11:01 hours
KVM virtualization detected

CPU:total 4 (initial active 4) (2 cores per cpu, 2 threads per core) family 6 model 85 stepping 7 microcode 0x1, cmov, cx8, fxsr, mmx, sse, sse2, sse3, ssse3, sse4.1, sse4.2, popcnt, avx, avx2, aes, clmul, erms, rtm, 3dnowpref, lzcnt, ht, tsc, tscinvbit, bmi1, bmi2, adx, evex, fma

Memory: 4k page, system-wide physical 8191M (107M free)
TotalPageFile size 18431M (AvailPageFile size 29M)
current process WorkingSet (physical memory assigned to process): 559M, peak: 574M
current process commit charge ("private bytes"): 593M, peak: 640M

vm_info: OpenJDK 64-Bit Server VM (11.0.13+0-b1751.21-8125866) for windows-amd64 JRE (11.0.13+0-b1751.21-8125866), built on Feb  2 2022 03:00:22 by "builder" with MS VC++ 14.0 (VS2015)

END.
